This file contains any messages produced by compilers while
running configure, to aid debugging if configure makes a mistake.

It was created by configure, which was
generated by GNU Autoconf 2.69.  Invocation command line was

  $ ./configure 

## --------- ##
## Platform. ##
## --------- ##

hostname = Midgard
uname -m = x86_64
uname -r = 4.15.0-70-generic
uname -s = Linux
uname -v = #79-Ubuntu SMP Tue Nov 12 10:36:11 UTC 2019

/usr/bin/uname -p = unknown
/bin/uname -X     = unknown

/bin/arch              = unknown
/usr/bin/arch -k       = unknown
/usr/convex/getsysinfo = unknown
/usr/bin/hostinfo      = unknown
/bin/machine           = unknown
/usr/bin/oslevel       = unknown
/bin/universe          = unknown

PATH: /opt/anaconda3/bin
PATH: /opt/anaconda3/condabin
PATH: /usr/local/sbin
PATH: /usr/local/bin
PATH: /usr/sbin
PATH: /usr/bin
PATH: /sbin
PATH: /bin
PATH: /usr/games
PATH: /usr/local/games


## ----------- ##
## Core tests. ##
## ----------- ##

configure:2663: checking for a BSD-compatible install
configure:2731: result: /usr/bin/install -c
configure:2742: checking whether build environment is sane
configure:2797: result: yes
configure:2948: checking for a thread-safe mkdir -p
configure:2987: result: /bin/mkdir -p
configure:2994: checking for gawk
configure:3010: found /usr/bin/gawk
configure:3021: result: gawk
configure:3032: checking whether make sets $(MAKE)
configure:3054: result: yes
configure:3083: checking whether make supports nested variables
configure:3100: result: yes
configure:3228: checking whether to enable maintainer-specific portions of Makefiles
configure:3237: result: no
configure:3300: checking for gcc
configure:3327: result: gcc
configure:3556: checking for C compiler version
configure:3565: gcc --version >&5
gcc (Ubuntu 7.4.0-1ubuntu1~18.04.1) 7.4.0
Copyright (C) 2017 Free Software Foundation, Inc.
This is free software; see the source for copying conditions.  There is NO
warranty; not even for MERCHANTABILITY or FITNESS FOR A PARTICULAR PURPOSE.

configure:3576: $? = 0
configure:3565: gcc -v >&5
Using built-in specs.
COLLECT_GCC=gcc
COLLECT_LTO_WRAPPER=/usr/lib/gcc/x86_64-linux-gnu/7/lto-wrapper
OFFLOAD_TARGET_NAMES=nvptx-none
OFFLOAD_TARGET_DEFAULT=1
Target: x86_64-linux-gnu
Configured with: ../src/configure -v --with-pkgversion='Ubuntu 7.4.0-1ubuntu1~18.04.1' --with-bugurl=file:///usr/share/doc/gcc-7/README.Bugs --enable-languages=c,ada,c++,go,brig,d,fortran,objc,obj-c++ --prefix=/usr --with-gcc-major-version-only --program-suffix=-7 --program-prefix=x86_64-linux-gnu- --enable-shared --enable-linker-build-id --libexecdir=/usr/lib --without-included-gettext --enable-threads=posix --libdir=/usr/lib --enable-nls --with-sysroot=/ --enable-clocale=gnu --enable-libstdcxx-debug --enable-libstdcxx-time=yes --with-default-libstdcxx-abi=new --enable-gnu-unique-object --disable-vtable-verify --enable-libmpx --enable-plugin --enable-default-pie --with-system-zlib --with-target-system-zlib --enable-objc-gc=auto --enable-multiarch --disable-werror --with-arch-32=i686 --with-abi=m64 --with-multilib-list=m32,m64,mx32 --enable-multilib --with-tune=generic --enable-offload-targets=nvptx-none --without-cuda-driver --enable-checking=release --build=x86_64-linux-gnu --host=x86_64-linux-gnu --target=x86_64-linux-gnu
Thread model: posix
gcc version 7.4.0 (Ubuntu 7.4.0-1ubuntu1~18.04.1) 
configure:3576: $? = 0
configure:3565: gcc -V >&5
gcc: error: unrecognized command line option '-V'
gcc: fatal error: no input files
compilation terminated.
configure:3576: $? = 1
configure:3565: gcc -qversion >&5
gcc: error: unrecognized command line option '-qversion'; did you mean '--version'?
gcc: fatal error: no input files
compilation terminated.
configure:3576: $? = 1
configure:3596: checking whether the C compiler works
configure:3618: gcc -O2   conftest.c  >&5
configure:3622: $? = 0
configure:3670: result: yes
configure:3673: checking for C compiler default output file name
configure:3675: result: a.out
configure:3681: checking for suffix of executables
configure:3688: gcc -o conftest -O2   conftest.c  >&5
configure:3692: $? = 0
configure:3714: result: 
configure:3736: checking whether we are cross compiling
configure:3744: gcc -o conftest -O2   conftest.c  >&5
configure:3748: $? = 0
configure:3755: ./conftest
configure:3759: $? = 0
configure:3774: result: no
configure:3779: checking for suffix of object files
configure:3801: gcc -c -O2  conftest.c >&5
configure:3805: $? = 0
configure:3826: result: o
configure:3830: checking whether we are using the GNU C compiler
configure:3849: gcc -c -O2  conftest.c >&5
configure:3849: $? = 0
configure:3858: result: yes
configure:3867: checking whether gcc accepts -g
configure:3887: gcc -c -g  conftest.c >&5
configure:3887: $? = 0
configure:3928: result: yes
configure:3945: checking for gcc option to accept ISO C89
configure:4008: gcc  -c -O2  conftest.c >&5
configure:4008: $? = 0
configure:4021: result: none needed
configure:4046: checking whether gcc understands -c and -o together
configure:4068: gcc -c conftest.c -o conftest2.o
configure:4071: $? = 0
configure:4068: gcc -c conftest.c -o conftest2.o
configure:4071: $? = 0
configure:4083: result: yes
configure:4111: checking for style of include used by make
configure:4139: result: GNU
configure:4165: checking dependency style of gcc
configure:4276: result: gcc3
configure:4403: checking for C++ compiler version
configure:4412: g++ --version >&5
g++ (Ubuntu 7.4.0-1ubuntu1~18.04.1) 7.4.0
Copyright (C) 2017 Free Software Foundation, Inc.
This is free software; see the source for copying conditions.  There is NO
warranty; not even for MERCHANTABILITY or FITNESS FOR A PARTICULAR PURPOSE.

configure:4423: $? = 0
configure:4412: g++ -v >&5
Using built-in specs.
COLLECT_GCC=g++
COLLECT_LTO_WRAPPER=/usr/lib/gcc/x86_64-linux-gnu/7/lto-wrapper
OFFLOAD_TARGET_NAMES=nvptx-none
OFFLOAD_TARGET_DEFAULT=1
Target: x86_64-linux-gnu
Configured with: ../src/configure -v --with-pkgversion='Ubuntu 7.4.0-1ubuntu1~18.04.1' --with-bugurl=file:///usr/share/doc/gcc-7/README.Bugs --enable-languages=c,ada,c++,go,brig,d,fortran,objc,obj-c++ --prefix=/usr --with-gcc-major-version-only --program-suffix=-7 --program-prefix=x86_64-linux-gnu- --enable-shared --enable-linker-build-id --libexecdir=/usr/lib --without-included-gettext --enable-threads=posix --libdir=/usr/lib --enable-nls --with-sysroot=/ --enable-clocale=gnu --enable-libstdcxx-debug --enable-libstdcxx-time=yes --with-default-libstdcxx-abi=new --enable-gnu-unique-object --disable-vtable-verify --enable-libmpx --enable-plugin --enable-default-pie --with-system-zlib --with-target-system-zlib --enable-objc-gc=auto --enable-multiarch --disable-werror --with-arch-32=i686 --with-abi=m64 --with-multilib-list=m32,m64,mx32 --enable-multilib --with-tune=generic --enable-offload-targets=nvptx-none --without-cuda-driver --enable-checking=release --build=x86_64-linux-gnu --host=x86_64-linux-gnu --target=x86_64-linux-gnu
Thread model: posix
gcc version 7.4.0 (Ubuntu 7.4.0-1ubuntu1~18.04.1) 
configure:4423: $? = 0
configure:4412: g++ -V >&5
g++: error: unrecognized command line option '-V'
g++: fatal error: no input files
compilation terminated.
configure:4423: $? = 1
configure:4412: g++ -qversion >&5
g++: error: unrecognized command line option '-qversion'; did you mean '--version'?
g++: fatal error: no input files
compilation terminated.
configure:4423: $? = 1
configure:4427: checking whether we are using the GNU C++ compiler
configure:4446: g++ -c -O2 -fpermissive  conftest.cpp >&5
configure:4446: $? = 0
configure:4455: result: yes
configure:4464: checking whether g++ accepts -g
configure:4484: g++ -c -g  conftest.cpp >&5
configure:4484: $? = 0
configure:4525: result: yes
configure:4550: checking dependency style of g++
configure:4661: result: gcc3
configure:4706: checking build system type
configure:4720: result: x86_64-unknown-linux-gnu
configure:4740: checking host system type
configure:4753: result: x86_64-unknown-linux-gnu
configure:4794: checking how to print strings
configure:4821: result: printf
configure:4842: checking for a sed that does not truncate output
configure:4906: result: /bin/sed
configure:4924: checking for grep that handles long lines and -e
configure:4982: result: /bin/grep
configure:4987: checking for egrep
configure:5049: result: /bin/grep -E
configure:5054: checking for fgrep
configure:5116: result: /bin/grep -F
configure:5151: checking for ld used by gcc
configure:5218: result: /usr/bin/ld
configure:5225: checking if the linker (/usr/bin/ld) is GNU ld
configure:5240: result: yes
configure:5252: checking for BSD- or MS-compatible name lister (nm)
configure:5306: result: /usr/bin/nm -B
configure:5436: checking the name lister (/usr/bin/nm -B) interface
configure:5443: gcc -c -O2  conftest.c >&5
configure:5446: /usr/bin/nm -B "conftest.o"
configure:5449: output
0000000000000000 B some_variable
configure:5456: result: BSD nm
configure:5459: checking whether ln -s works
configure:5463: result: yes
configure:5471: checking the maximum length of command line arguments
configure:5602: result: 1572864
configure:5650: checking how to convert x86_64-unknown-linux-gnu file names to x86_64-unknown-linux-gnu format
configure:5690: result: func_convert_file_noop
configure:5697: checking how to convert x86_64-unknown-linux-gnu file names to toolchain format
configure:5717: result: func_convert_file_noop
configure:5724: checking for /usr/bin/ld option to reload object files
configure:5731: result: -r
configure:5805: checking for objdump
configure:5821: found /usr/bin/objdump
configure:5832: result: objdump
configure:5864: checking how to recognize dependent libraries
configure:6064: result: pass_all
configure:6149: checking for dlltool
configure:6179: result: no
configure:6209: checking how to associate runtime and link libraries
configure:6236: result: printf %s\n
configure:6297: checking for ar
configure:6313: found /usr/bin/ar
configure:6324: result: ar
configure:6361: checking for archiver @FILE support
configure:6378: gcc -c -O2  conftest.c >&5
configure:6378: $? = 0
configure:6381: ar cru libconftest.a @conftest.lst >&5
ar: `u' modifier ignored since `D' is the default (see `U')
configure:6384: $? = 0
configure:6389: ar cru libconftest.a @conftest.lst >&5
ar: `u' modifier ignored since `D' is the default (see `U')
ar: conftest.o: No such file or directory
configure:6392: $? = 1
configure:6404: result: @
configure:6462: checking for strip
configure:6478: found /usr/bin/strip
configure:6489: result: strip
configure:6561: checking for ranlib
configure:6577: found /usr/bin/ranlib
configure:6588: result: ranlib
configure:6690: checking command to parse /usr/bin/nm -B output from gcc object
configure:6843: gcc -c -O2  conftest.c >&5
configure:6846: $? = 0
configure:6850: /usr/bin/nm -B conftest.o \| sed -n -e 's/^.*[ ]\([ABCDGIRSTW][ABCDGIRSTW]*\)[ ][ ]*\([_A-Za-z][_A-Za-z0-9]*\)$/\1 \2 \2/p' | sed '/ __gnu_lto/d' \> conftest.nm
configure:6853: $? = 0
configure:6919: gcc -o conftest -O2   conftest.c conftstm.o >&5
configure:6922: $? = 0
configure:6960: result: ok
configure:7007: checking for sysroot
configure:7037: result: no
configure:7044: checking for a working dd
configure:7082: result: /bin/dd
configure:7086: checking how to truncate binary pipes
configure:7101: result: /bin/dd bs=4096 count=1
configure:7237: gcc -c -O2  conftest.c >&5
configure:7240: $? = 0
configure:7430: checking for mt
configure:7446: found /bin/mt
configure:7457: result: mt
configure:7480: checking if mt is a manifest tool
configure:7486: mt '-?'
configure:7494: result: no
configure:8171: checking how to run the C preprocessor
configure:8202: gcc -E  conftest.c
configure:8202: $? = 0
configure:8216: gcc -E  conftest.c
conftest.c:11:10: fatal error: ac_nonexistent.h: No such file or directory
 #include <ac_nonexistent.h>
          ^~~~~~~~~~~~~~~~~~
compilation terminated.
configure:8216: $? = 1
configure: failed program was:
| /* confdefs.h */
| #define PACKAGE_NAME ""
| #define PACKAGE_TARNAME ""
| #define PACKAGE_VERSION ""
| #define PACKAGE_STRING ""
| #define PACKAGE_BUGREPORT ""
| #define PACKAGE_URL ""
| #define PACKAGE "aplus-fsf"
| #define VERSION "4.22"
| /* end confdefs.h.  */
| #include <ac_nonexistent.h>
configure:8241: result: gcc -E
configure:8261: gcc -E  conftest.c
configure:8261: $? = 0
configure:8275: gcc -E  conftest.c
conftest.c:11:10: fatal error: ac_nonexistent.h: No such file or directory
 #include <ac_nonexistent.h>
          ^~~~~~~~~~~~~~~~~~
compilation terminated.
configure:8275: $? = 1
configure: failed program was:
| /* confdefs.h */
| #define PACKAGE_NAME ""
| #define PACKAGE_TARNAME ""
| #define PACKAGE_VERSION ""
| #define PACKAGE_STRING ""
| #define PACKAGE_BUGREPORT ""
| #define PACKAGE_URL ""
| #define PACKAGE "aplus-fsf"
| #define VERSION "4.22"
| /* end confdefs.h.  */
| #include <ac_nonexistent.h>
configure:8304: checking for ANSI C header files
configure:8324: gcc -c -O2  conftest.c >&5
configure:8324: $? = 0
configure:8397: gcc -o conftest -O2   conftest.c  >&5
configure:8397: $? = 0
configure:8397: ./conftest
configure:8397: $? = 0
configure:8408: result: yes
configure:8421: checking for sys/types.h
configure:8421: gcc -c -O2  conftest.c >&5
configure:8421: $? = 0
configure:8421: result: yes
configure:8421: checking for sys/stat.h
configure:8421: gcc -c -O2  conftest.c >&5
configure:8421: $? = 0
configure:8421: result: yes
configure:8421: checking for stdlib.h
configure:8421: gcc -c -O2  conftest.c >&5
configure:8421: $? = 0
configure:8421: result: yes
configure:8421: checking for string.h
configure:8421: gcc -c -O2  conftest.c >&5
configure:8421: $? = 0
configure:8421: result: yes
configure:8421: checking for memory.h
configure:8421: gcc -c -O2  conftest.c >&5
configure:8421: $? = 0
configure:8421: result: yes
configure:8421: checking for strings.h
configure:8421: gcc -c -O2  conftest.c >&5
configure:8421: $? = 0
configure:8421: result: yes
configure:8421: checking for inttypes.h
configure:8421: gcc -c -O2  conftest.c >&5
configure:8421: $? = 0
configure:8421: result: yes
configure:8421: checking for stdint.h
configure:8421: gcc -c -O2  conftest.c >&5
configure:8421: $? = 0
configure:8421: result: yes
configure:8421: checking for unistd.h
configure:8421: gcc -c -O2  conftest.c >&5
configure:8421: $? = 0
configure:8421: result: yes
configure:8435: checking for dlfcn.h
configure:8435: gcc -c -O2  conftest.c >&5
configure:8435: $? = 0
configure:8435: result: yes
configure:8702: checking for objdir
configure:8717: result: .libs
configure:8977: checking if gcc supports -fno-rtti -fno-exceptions
configure:8995: gcc -c -O2  -fno-rtti -fno-exceptions conftest.c >&5
cc1: warning: command line option '-fno-rtti' is valid for C++/ObjC++ but not for C
configure:8999: $? = 0
configure:9012: result: no
configure:9370: checking for gcc option to produce PIC
configure:9377: result: -fPIC -DPIC
configure:9385: checking if gcc PIC flag -fPIC -DPIC works
configure:9403: gcc -c -O2  -fPIC -DPIC -DPIC conftest.c >&5
configure:9407: $? = 0
configure:9420: result: yes
configure:9449: checking if gcc static flag -static works
configure:9477: result: yes
configure:9492: checking if gcc supports -c -o file.o
configure:9513: gcc -c -O2  -o out/conftest2.o conftest.c >&5
configure:9517: $? = 0
configure:9539: result: yes
configure:9547: checking if gcc supports -c -o file.o
configure:9594: result: yes
configure:9627: checking whether the gcc linker (/usr/bin/ld -m elf_x86_64) supports shared libraries
configure:10890: result: yes
configure:10927: checking whether -lc should be explicitly linked in
configure:10935: gcc -c -O2  conftest.c >&5
configure:10938: $? = 0
configure:10953: gcc -shared  -fPIC -DPIC conftest.o  -v -Wl,-soname -Wl,conftest -o conftest 2\>\&1 \| /bin/grep  -lc  \>/dev/null 2\>\&1
configure:10956: $? = 0
configure:10970: result: no
configure:11130: checking dynamic linker characteristics
configure:11711: gcc -o conftest -O2   -Wl,-rpath -Wl,/foo conftest.c  >&5
configure:11711: $? = 0
configure:11960: result: GNU/Linux ld.so
configure:12082: checking how to hardcode library paths into programs
configure:12107: result: immediate
configure:12655: checking whether stripping libraries is possible
configure:12660: result: yes
configure:12695: checking if libtool supports shared libraries
configure:12697: result: yes
configure:12700: checking whether to build shared libraries
configure:12725: result: yes
configure:12728: checking whether to build static libraries
configure:12732: result: yes
configure:12755: checking how to run the C++ preprocessor
configure:12782: g++ -E  conftest.cpp
configure:12782: $? = 0
configure:12796: g++ -E  conftest.cpp
conftest.cpp:23:10: fatal error: ac_nonexistent.h: No such file or directory
 #include <ac_nonexistent.h>
          ^~~~~~~~~~~~~~~~~~
compilation terminated.
configure:12796: $? = 1
configure: failed program was:
| /* confdefs.h */
| #define PACKAGE_NAME ""
| #define PACKAGE_TARNAME ""
| #define PACKAGE_VERSION ""
| #define PACKAGE_STRING ""
| #define PACKAGE_BUGREPORT ""
| #define PACKAGE_URL ""
| #define PACKAGE "aplus-fsf"
| #define VERSION "4.22"
| #define STDC_HEADERS 1
| #define HAVE_SYS_TYPES_H 1
| #define HAVE_SYS_STAT_H 1
| #define HAVE_STDLIB_H 1
| #define HAVE_STRING_H 1
| #define HAVE_MEMORY_H 1
| #define HAVE_STRINGS_H 1
| #define HAVE_INTTYPES_H 1
| #define HAVE_STDINT_H 1
| #define HAVE_UNISTD_H 1
| #define HAVE_DLFCN_H 1
| #define LT_OBJDIR ".libs/"
| /* end confdefs.h.  */
| #include <ac_nonexistent.h>
configure:12821: result: g++ -E
configure:12841: g++ -E  conftest.cpp
configure:12841: $? = 0
configure:12855: g++ -E  conftest.cpp
conftest.cpp:23:10: fatal error: ac_nonexistent.h: No such file or directory
 #include <ac_nonexistent.h>
          ^~~~~~~~~~~~~~~~~~
compilation terminated.
configure:12855: $? = 1
configure: failed program was:
| /* confdefs.h */
| #define PACKAGE_NAME ""
| #define PACKAGE_TARNAME ""
| #define PACKAGE_VERSION ""
| #define PACKAGE_STRING ""
| #define PACKAGE_BUGREPORT ""
| #define PACKAGE_URL ""
| #define PACKAGE "aplus-fsf"
| #define VERSION "4.22"
| #define STDC_HEADERS 1
| #define HAVE_SYS_TYPES_H 1
| #define HAVE_SYS_STAT_H 1
| #define HAVE_STDLIB_H 1
| #define HAVE_STRING_H 1
| #define HAVE_MEMORY_H 1
| #define HAVE_STRINGS_H 1
| #define HAVE_INTTYPES_H 1
| #define HAVE_STDINT_H 1
| #define HAVE_UNISTD_H 1
| #define HAVE_DLFCN_H 1
| #define LT_OBJDIR ".libs/"
| /* end confdefs.h.  */
| #include <ac_nonexistent.h>
configure:13017: checking for ld used by g++
configure:13084: result: /usr/bin/ld -m elf_x86_64
configure:13091: checking if the linker (/usr/bin/ld -m elf_x86_64) is GNU ld
configure:13106: result: yes
configure:13161: checking whether the g++ linker (/usr/bin/ld -m elf_x86_64) supports shared libraries
configure:14234: result: yes
configure:14270: g++ -c -O2 -fpermissive  conftest.cpp >&5
configure:14273: $? = 0
configure:14754: checking for g++ option to produce PIC
configure:14761: result: -fPIC -DPIC
configure:14769: checking if g++ PIC flag -fPIC -DPIC works
configure:14787: g++ -c -O2 -fpermissive  -fPIC -DPIC -DPIC conftest.cpp >&5
configure:14791: $? = 0
configure:14804: result: yes
configure:14827: checking if g++ static flag -static works
configure:14855: result: yes
configure:14867: checking if g++ supports -c -o file.o
configure:14888: g++ -c -O2 -fpermissive  -o out/conftest2.o conftest.cpp >&5
configure:14892: $? = 0
configure:14914: result: yes
configure:14919: checking if g++ supports -c -o file.o
configure:14966: result: yes
configure:14996: checking whether the g++ linker (/usr/bin/ld -m elf_x86_64) supports shared libraries
configure:15039: result: yes
configure:15180: checking dynamic linker characteristics
configure:15937: result: GNU/Linux ld.so
configure:16002: checking how to hardcode library paths into programs
configure:16027: result: immediate
configure:16093: checking for main in -ldl
configure:16112: gcc -o conftest -O2   conftest.c -ldl   -lm >&5
configure:16112: $? = 0
configure:16121: result: yes
configure:16127: checking for main in -lnsl
configure:16146: gcc -o conftest -O2   conftest.c -lnsl  -ldl  -lm >&5
configure:16146: $? = 0
configure:16155: result: yes
configure:16161: checking for main in -lpthread
configure:16180: gcc -o conftest -O2   conftest.c -lpthread  -lnsl -ldl  -lm >&5
configure:16180: $? = 0
configure:16189: result: yes
configure:16197: checking whether gcc needs -traditional
configure:16231: result: no
configure:16238: checking for working memcmp
configure:16281: gcc -o conftest -O2   conftest.c -lpthread -lnsl -ldl  -lm >&5
configure:16281: $? = 0
configure:16281: ./conftest
configure:16281: $? = 0
configure:16291: result: yes
configure:16306: checking for stdlib.h
configure:16306: result: yes
configure:16306: checking for unistd.h
configure:16306: result: yes
configure:16306: checking for sys/param.h
configure:16306: gcc -c -O2  conftest.c >&5
configure:16306: $? = 0
configure:16306: result: yes
configure:16326: checking for getpagesize
configure:16326: gcc -o conftest -O2   conftest.c -lpthread -lnsl -ldl  -lm >&5
configure:16326: $? = 0
configure:16326: result: yes
configure:16335: checking for working mmap
configure:16484: gcc -o conftest -O2   conftest.c -lpthread -lnsl -ldl  -lm >&5
configure:16484: $? = 0
configure:16484: ./conftest
configure:16484: $? = 0
configure:16494: result: yes
configure:16503: checking return type of signal handlers
configure:16521: gcc -c -O2  conftest.c >&5
conftest.c: In function 'main':
conftest.c:34:10: error: void value not ignored as it ought to be
 return *(signal (0, 0)) (0) == 1;
         ~^~~~~~~~~~~~~~~~~~
configure:16521: $? = 1
configure: failed program was:
| /* confdefs.h */
| #define PACKAGE_NAME ""
| #define PACKAGE_TARNAME ""
| #define PACKAGE_VERSION ""
| #define PACKAGE_STRING ""
| #define PACKAGE_BUGREPORT ""
| #define PACKAGE_URL ""
| #define PACKAGE "aplus-fsf"
| #define VERSION "4.22"
| #define STDC_HEADERS 1
| #define HAVE_SYS_TYPES_H 1
| #define HAVE_SYS_STAT_H 1
| #define HAVE_STDLIB_H 1
| #define HAVE_STRING_H 1
| #define HAVE_MEMORY_H 1
| #define HAVE_STRINGS_H 1
| #define HAVE_INTTYPES_H 1
| #define HAVE_STDINT_H 1
| #define HAVE_UNISTD_H 1
| #define HAVE_DLFCN_H 1
| #define LT_OBJDIR ".libs/"
| #define HAVE_STDLIB_H 1
| #define HAVE_UNISTD_H 1
| #define HAVE_SYS_PARAM_H 1
| #define HAVE_GETPAGESIZE 1
| #define HAVE_MMAP 1
| /* end confdefs.h.  */
| #include <sys/types.h>
| #include <signal.h>
| 
| int
| main ()
| {
| return *(signal (0, 0)) (0) == 1;
|   ;
|   return 0;
| }
configure:16528: result: void
configure:16538: checking for strftime
configure:16538: gcc -o conftest -O2   conftest.c -lpthread -lnsl -ldl  -lm >&5
conftest.c:52:6: warning: conflicting types for built-in function 'strftime' [-Wbuiltin-declaration-mismatch]
 char strftime ();
      ^~~~~~~~
configure:16538: $? = 0
configure:16538: result: yes
configure:16591: checking for pid_t
configure:16591: gcc -c -O2  conftest.c >&5
configure:16591: $? = 0
configure:16591: gcc -c -O2  conftest.c >&5
conftest.c: In function 'main':
conftest.c:66:20: error: expected expression before ')' token
 if (sizeof ((pid_t)))
                    ^
configure:16591: $? = 1
configure: failed program was:
| /* confdefs.h */
| #define PACKAGE_NAME ""
| #define PACKAGE_TARNAME ""
| #define PACKAGE_VERSION ""
| #define PACKAGE_STRING ""
| #define PACKAGE_BUGREPORT ""
| #define PACKAGE_URL ""
| #define PACKAGE "aplus-fsf"
| #define VERSION "4.22"
| #define STDC_HEADERS 1
| #define HAVE_SYS_TYPES_H 1
| #define HAVE_SYS_STAT_H 1
| #define HAVE_STDLIB_H 1
| #define HAVE_STRING_H 1
| #define HAVE_MEMORY_H 1
| #define HAVE_STRINGS_H 1
| #define HAVE_INTTYPES_H 1
| #define HAVE_STDINT_H 1
| #define HAVE_UNISTD_H 1
| #define HAVE_DLFCN_H 1
| #define LT_OBJDIR ".libs/"
| #define HAVE_STDLIB_H 1
| #define HAVE_UNISTD_H 1
| #define HAVE_SYS_PARAM_H 1
| #define HAVE_GETPAGESIZE 1
| #define HAVE_MMAP 1
| #define RETSIGTYPE void
| #define HAVE_STRFTIME 1
| /* end confdefs.h.  */
| #include <stdio.h>
| #ifdef HAVE_SYS_TYPES_H
| # include <sys/types.h>
| #endif
| #ifdef HAVE_SYS_STAT_H
| # include <sys/stat.h>
| #endif
| #ifdef STDC_HEADERS
| # include <stdlib.h>
| # include <stddef.h>
| #else
| # ifdef HAVE_STDLIB_H
| #  include <stdlib.h>
| # endif
| #endif
| #ifdef HAVE_STRING_H
| # if !defined STDC_HEADERS && defined HAVE_MEMORY_H
| #  include <memory.h>
| # endif
| # include <string.h>
| #endif
| #ifdef HAVE_STRINGS_H
| # include <strings.h>
| #endif
| #ifdef HAVE_INTTYPES_H
| # include <inttypes.h>
| #endif
| #ifdef HAVE_STDINT_H
| # include <stdint.h>
| #endif
| #ifdef HAVE_UNISTD_H
| # include <unistd.h>
| #endif
| int
| main ()
| {
| if (sizeof ((pid_t)))
| 	    return 0;
|   ;
|   return 0;
| }
configure:16591: result: yes
configure:16604: checking vfork.h usability
configure:16604: gcc -c -O2  conftest.c >&5
conftest.c:63:10: fatal error: vfork.h: No such file or directory
 #include <vfork.h>
          ^~~~~~~~~
compilation terminated.
configure:16604: $? = 1
configure: failed program was:
| /* confdefs.h */
| #define PACKAGE_NAME ""
| #define PACKAGE_TARNAME ""
| #define PACKAGE_VERSION ""
| #define PACKAGE_STRING ""
| #define PACKAGE_BUGREPORT ""
| #define PACKAGE_URL ""
| #define PACKAGE "aplus-fsf"
| #define VERSION "4.22"
| #define STDC_HEADERS 1
| #define HAVE_SYS_TYPES_H 1
| #define HAVE_SYS_STAT_H 1
| #define HAVE_STDLIB_H 1
| #define HAVE_STRING_H 1
| #define HAVE_MEMORY_H 1
| #define HAVE_STRINGS_H 1
| #define HAVE_INTTYPES_H 1
| #define HAVE_STDINT_H 1
| #define HAVE_UNISTD_H 1
| #define HAVE_DLFCN_H 1
| #define LT_OBJDIR ".libs/"
| #define HAVE_STDLIB_H 1
| #define HAVE_UNISTD_H 1
| #define HAVE_SYS_PARAM_H 1
| #define HAVE_GETPAGESIZE 1
| #define HAVE_MMAP 1
| #define RETSIGTYPE void
| #define HAVE_STRFTIME 1
| /* end confdefs.h.  */
| #include <stdio.h>
| #ifdef HAVE_SYS_TYPES_H
| # include <sys/types.h>
| #endif
| #ifdef HAVE_SYS_STAT_H
| # include <sys/stat.h>
| #endif
| #ifdef STDC_HEADERS
| # include <stdlib.h>
| # include <stddef.h>
| #else
| # ifdef HAVE_STDLIB_H
| #  include <stdlib.h>
| # endif
| #endif
| #ifdef HAVE_STRING_H
| # if !defined STDC_HEADERS && defined HAVE_MEMORY_H
| #  include <memory.h>
| # endif
| # include <string.h>
| #endif
| #ifdef HAVE_STRINGS_H
| # include <strings.h>
| #endif
| #ifdef HAVE_INTTYPES_H
| # include <inttypes.h>
| #endif
| #ifdef HAVE_STDINT_H
| # include <stdint.h>
| #endif
| #ifdef HAVE_UNISTD_H
| # include <unistd.h>
| #endif
| #include <vfork.h>
configure:16604: result: no
configure:16604: checking vfork.h presence
configure:16604: gcc -E  conftest.c
conftest.c:30:10: fatal error: vfork.h: No such file or directory
 #include <vfork.h>
          ^~~~~~~~~
compilation terminated.
configure:16604: $? = 1
configure: failed program was:
| /* confdefs.h */
| #define PACKAGE_NAME ""
| #define PACKAGE_TARNAME ""
| #define PACKAGE_VERSION ""
| #define PACKAGE_STRING ""
| #define PACKAGE_BUGREPORT ""
| #define PACKAGE_URL ""
| #define PACKAGE "aplus-fsf"
| #define VERSION "4.22"
| #define STDC_HEADERS 1
| #define HAVE_SYS_TYPES_H 1
| #define HAVE_SYS_STAT_H 1
| #define HAVE_STDLIB_H 1
| #define HAVE_STRING_H 1
| #define HAVE_MEMORY_H 1
| #define HAVE_STRINGS_H 1
| #define HAVE_INTTYPES_H 1
| #define HAVE_STDINT_H 1
| #define HAVE_UNISTD_H 1
| #define HAVE_DLFCN_H 1
| #define LT_OBJDIR ".libs/"
| #define HAVE_STDLIB_H 1
| #define HAVE_UNISTD_H 1
| #define HAVE_SYS_PARAM_H 1
| #define HAVE_GETPAGESIZE 1
| #define HAVE_MMAP 1
| #define RETSIGTYPE void
| #define HAVE_STRFTIME 1
| /* end confdefs.h.  */
| #include <vfork.h>
configure:16604: result: no
configure:16604: checking for vfork.h
configure:16604: result: no
configure:16617: checking for fork
configure:16617: gcc -o conftest -O2   conftest.c -lpthread -lnsl -ldl  -lm >&5
conftest.c:53:6: warning: conflicting types for built-in function 'fork' [-Wbuiltin-declaration-mismatch]
 char fork ();
      ^~~~
configure:16617: $? = 0
configure:16617: result: yes
configure:16617: checking for vfork
configure:16617: gcc -o conftest -O2   conftest.c -lpthread -lnsl -ldl  -lm >&5
configure:16617: $? = 0
configure:16617: result: yes
configure:16627: checking for working fork
configure:16649: gcc -o conftest -O2   conftest.c -lpthread -lnsl -ldl  -lm >&5
configure:16649: $? = 0
configure:16649: ./conftest
configure:16649: $? = 0
configure:16659: result: yes
configure:16680: checking for working vfork
configure:16790: result: yes
configure:16817: checking for vprintf
configure:16817: gcc -o conftest -O2   conftest.c -lpthread -lnsl -ldl  -lm >&5
conftest.c:57:6: warning: conflicting types for built-in function 'vprintf' [-Wbuiltin-declaration-mismatch]
 char vprintf ();
      ^~~~~~~
configure:16817: $? = 0
configure:16817: result: yes
configure:16823: checking for _doprnt
configure:16823: gcc -o conftest -O2   conftest.c -lpthread -lnsl -ldl  -lm >&5
/tmp/ccKPbCBQ.o: In function `main':
conftest.c:(.text.startup+0x7): undefined reference to `_doprnt'
collect2: error: ld returned 1 exit status
configure:16823: $? = 1
configure: failed program was:
| /* confdefs.h */
| #define PACKAGE_NAME ""
| #define PACKAGE_TARNAME ""
| #define PACKAGE_VERSION ""
| #define PACKAGE_STRING ""
| #define PACKAGE_BUGREPORT ""
| #define PACKAGE_URL ""
| #define PACKAGE "aplus-fsf"
| #define VERSION "4.22"
| #define STDC_HEADERS 1
| #define HAVE_SYS_TYPES_H 1
| #define HAVE_SYS_STAT_H 1
| #define HAVE_STDLIB_H 1
| #define HAVE_STRING_H 1
| #define HAVE_MEMORY_H 1
| #define HAVE_STRINGS_H 1
| #define HAVE_INTTYPES_H 1
| #define HAVE_STDINT_H 1
| #define HAVE_UNISTD_H 1
| #define HAVE_DLFCN_H 1
| #define LT_OBJDIR ".libs/"
| #define HAVE_STDLIB_H 1
| #define HAVE_UNISTD_H 1
| #define HAVE_SYS_PARAM_H 1
| #define HAVE_GETPAGESIZE 1
| #define HAVE_MMAP 1
| #define RETSIGTYPE void
| #define HAVE_STRFTIME 1
| #define HAVE_FORK 1
| #define HAVE_VFORK 1
| #define HAVE_WORKING_VFORK 1
| #define HAVE_WORKING_FORK 1
| #define HAVE_VPRINTF 1
| /* end confdefs.h.  */
| /* Define _doprnt to an innocuous variant, in case <limits.h> declares _doprnt.
|    For example, HP-UX 11i <limits.h> declares gettimeofday.  */
| #define _doprnt innocuous__doprnt
| 
| /* System header to define __stub macros and hopefully few prototypes,
|     which can conflict with char _doprnt (); below.
|     Prefer <limits.h> to <assert.h> if __STDC__ is defined, since
|     <limits.h> exists even on freestanding compilers.  */
| 
| #ifdef __STDC__
| # include <limits.h>
| #else
| # include <assert.h>
| #endif
| 
| #undef _doprnt
| 
| /* Override any GCC internal prototype to avoid an error.
|    Use char because int might match the return type of a GCC
|    builtin and then its argument prototype would still apply.  */
| #ifdef __cplusplus
| extern "C"
| #endif
| char _doprnt ();
| /* The GNU C library defines this for functions which it implements
|     to always fail with ENOSYS.  Some functions are actually named
|     something starting with __ and the normal name is an alias.  */
| #if defined __stub__doprnt || defined __stub____doprnt
| choke me
| #endif
| 
| int
| main ()
| {
| return _doprnt ();
|   ;
|   return 0;
| }
configure:16823: result: no
configure:16837: checking for getcwd
configure:16837: gcc -o conftest -O2   conftest.c -lpthread -lnsl -ldl  -lm >&5
configure:16837: $? = 0
configure:16837: result: yes
configure:16837: checking for gethostname
configure:16837: gcc -o conftest -O2   conftest.c -lpthread -lnsl -ldl  -lm >&5
configure:16837: $? = 0
configure:16837: result: yes
configure:16837: checking for gettimeofday
configure:16837: gcc -o conftest -O2   conftest.c -lpthread -lnsl -ldl  -lm >&5
configure:16837: $? = 0
configure:16837: result: yes
configure:16837: checking for getwd
configure:16837: gcc -o conftest -O2   conftest.c -lpthread -lnsl -ldl  -lm >&5
/tmp/ccOUZfw2.o: In function `main':
conftest.c:(.text.startup+0x7): warning: the `getwd' function is dangerous and should not be used.
configure:16837: $? = 0
configure:16837: result: yes
configure:16837: checking for mktime
configure:16837: gcc -o conftest -O2   conftest.c -lpthread -lnsl -ldl  -lm >&5
configure:16837: $? = 0
configure:16837: result: yes
configure:16837: checking for putenv
configure:16837: gcc -o conftest -O2   conftest.c -lpthread -lnsl -ldl  -lm >&5
configure:16837: $? = 0
configure:16837: result: yes
configure:16837: checking for regcomp
configure:16837: gcc -o conftest -O2   conftest.c -lpthread -lnsl -ldl  -lm >&5
configure:16837: $? = 0
configure:16837: result: yes
configure:16837: checking for select
configure:16837: gcc -o conftest -O2   conftest.c -lpthread -lnsl -ldl  -lm >&5
configure:16837: $? = 0
configure:16837: result: yes
configure:16837: checking for sigaction
configure:16837: gcc -o conftest -O2   conftest.c -lpthread -lnsl -ldl  -lm >&5
configure:16837: $? = 0
configure:16837: result: yes
configure:16837: checking for socket
configure:16837: gcc -o conftest -O2   conftest.c -lpthread -lnsl -ldl  -lm >&5
configure:16837: $? = 0
configure:16837: result: yes
configure:16837: checking for strcspn
configure:16837: gcc -o conftest -O2   conftest.c -lpthread -lnsl -ldl  -lm >&5
conftest.c:68:6: warning: conflicting types for built-in function 'strcspn' [-Wbuiltin-declaration-mismatch]
 char strcspn ();
      ^~~~~~~
configure:16837: $? = 0
configure:16837: result: yes
configure:16837: checking for strdup
configure:16837: gcc -o conftest -O2   conftest.c -lpthread -lnsl -ldl  -lm >&5
conftest.c:69:6: warning: conflicting types for built-in function 'strdup' [-Wbuiltin-declaration-mismatch]
 char strdup ();
      ^~~~~~
configure:16837: $? = 0
configure:16837: result: yes
configure:16837: checking for strerror
configure:16837: gcc -o conftest -O2   conftest.c -lpthread -lnsl -ldl  -lm >&5
configure:16837: $? = 0
configure:16837: result: yes
configure:16837: checking for strstr
configure:16837: gcc -o conftest -O2   conftest.c -lpthread -lnsl -ldl  -lm >&5
conftest.c:71:6: warning: conflicting types for built-in function 'strstr' [-Wbuiltin-declaration-mismatch]
 char strstr ();
      ^~~~~~
configure:16837: $? = 0
configure:16837: result: yes
configure:16837: checking for strtod
configure:16837: gcc -o conftest -O2   conftest.c -lpthread -lnsl -ldl  -lm >&5
configure:16837: $? = 0
configure:16837: result: yes
configure:16837: checking for strtol
configure:16837: gcc -o conftest -O2   conftest.c -lpthread -lnsl -ldl  -lm >&5
configure:16837: $? = 0
configure:16837: result: yes
configure:16837: checking for strtoul
configure:16837: gcc -o conftest -O2   conftest.c -lpthread -lnsl -ldl  -lm >&5
configure:16837: $? = 0
configure:16837: result: yes
configure:16848: checking for X
configure:16956: gcc -E  conftest.c
configure:16956: $? = 0
configure:16987: gcc -o conftest -O2   conftest.c -lX11 -lpthread -lnsl -ldl  -lm >&5
configure:16987: $? = 0
configure:17037: result: libraries , headers 
configure:17054: checking for dirent.h that defines DIR
configure:17073: gcc -c -O2  conftest.c >&5
configure:17073: $? = 0
configure:17081: result: yes
configure:17094: checking for library containing opendir
configure:17125: gcc -o conftest -O2   conftest.c -lpthread -lnsl -ldl  -lm >&5
configure:17125: $? = 0
configure:17142: result: none required
configure:17209: checking for ANSI C header files
configure:17313: result: yes
configure:17321: checking for sys/wait.h that is POSIX.1 compatible
configure:17347: gcc -c -O2  conftest.c >&5
configure:17347: $? = 0
configure:17354: result: yes
configure:17365: checking fcntl.h usability
configure:17365: gcc -c -O2  conftest.c >&5
configure:17365: $? = 0
configure:17365: result: yes
configure:17365: checking fcntl.h presence
configure:17365: gcc -E  conftest.c
configure:17365: $? = 0
configure:17365: result: yes
configure:17365: checking for fcntl.h
configure:17365: result: yes
configure:17365: checking limits.h usability
configure:17365: gcc -c -O2  conftest.c >&5
configure:17365: $? = 0
configure:17365: result: yes
configure:17365: checking limits.h presence
configure:17365: gcc -E  conftest.c
configure:17365: $? = 0
configure:17365: result: yes
configure:17365: checking for limits.h
configure:17365: result: yes
configure:17365: checking malloc.h usability
configure:17365: gcc -c -O2  conftest.c >&5
configure:17365: $? = 0
configure:17365: result: yes
configure:17365: checking malloc.h presence
configure:17365: gcc -E  conftest.c
configure:17365: $? = 0
configure:17365: result: yes
configure:17365: checking for malloc.h
configure:17365: result: yes
configure:17365: checking for strings.h
configure:17365: result: yes
configure:17365: checking sys/file.h usability
configure:17365: gcc -c -O2  conftest.c >&5
configure:17365: $? = 0
configure:17365: result: yes
configure:17365: checking sys/file.h presence
configure:17365: gcc -E  conftest.c
configure:17365: $? = 0
configure:17365: result: yes
configure:17365: checking for sys/file.h
configure:17365: result: yes
configure:17365: checking sys/ioctl.h usability
configure:17365: gcc -c -O2  conftest.c >&5
configure:17365: $? = 0
configure:17365: result: yes
configure:17365: checking sys/ioctl.h presence
configure:17365: gcc -E  conftest.c
configure:17365: $? = 0
configure:17365: result: yes
configure:17365: checking for sys/ioctl.h
configure:17365: result: yes
configure:17365: checking sys/time.h usability
configure:17365: gcc -c -O2  conftest.c >&5
configure:17365: $? = 0
configure:17365: result: yes
configure:17365: checking sys/time.h presence
configure:17365: gcc -E  conftest.c
configure:17365: $? = 0
configure:17365: result: yes
configure:17365: checking for sys/time.h
configure:17365: result: yes
configure:17365: checking syslog.h usability
configure:17365: gcc -c -O2  conftest.c >&5
configure:17365: $? = 0
configure:17365: result: yes
configure:17365: checking syslog.h presence
configure:17365: gcc -E  conftest.c
configure:17365: $? = 0
configure:17365: result: yes
configure:17365: checking for syslog.h
configure:17365: result: yes
configure:17365: checking for unistd.h
configure:17365: result: yes
configure:17365: checking fp_class.h usability
configure:17365: gcc -c -O2  conftest.c >&5
conftest.c:97:10: fatal error: fp_class.h: No such file or directory
 #include <fp_class.h>
          ^~~~~~~~~~~~
compilation terminated.
configure:17365: $? = 1
configure: failed program was:
| /* confdefs.h */
| #define PACKAGE_NAME ""
| #define PACKAGE_TARNAME ""
| #define PACKAGE_VERSION ""
| #define PACKAGE_STRING ""
| #define PACKAGE_BUGREPORT ""
| #define PACKAGE_URL ""
| #define PACKAGE "aplus-fsf"
| #define VERSION "4.22"
| #define STDC_HEADERS 1
| #define HAVE_SYS_TYPES_H 1
| #define HAVE_SYS_STAT_H 1
| #define HAVE_STDLIB_H 1
| #define HAVE_STRING_H 1
| #define HAVE_MEMORY_H 1
| #define HAVE_STRINGS_H 1
| #define HAVE_INTTYPES_H 1
| #define HAVE_STDINT_H 1
| #define HAVE_UNISTD_H 1
| #define HAVE_DLFCN_H 1
| #define LT_OBJDIR ".libs/"
| #define HAVE_STDLIB_H 1
| #define HAVE_UNISTD_H 1
| #define HAVE_SYS_PARAM_H 1
| #define HAVE_GETPAGESIZE 1
| #define HAVE_MMAP 1
| #define RETSIGTYPE void
| #define HAVE_STRFTIME 1
| #define HAVE_FORK 1
| #define HAVE_VFORK 1
| #define HAVE_WORKING_VFORK 1
| #define HAVE_WORKING_FORK 1
| #define HAVE_VPRINTF 1
| #define HAVE_GETCWD 1
| #define HAVE_GETHOSTNAME 1
| #define HAVE_GETTIMEOFDAY 1
| #define HAVE_GETWD 1
| #define HAVE_MKTIME 1
| #define HAVE_PUTENV 1
| #define HAVE_REGCOMP 1
| #define HAVE_SELECT 1
| #define HAVE_SIGACTION 1
| #define HAVE_SOCKET 1
| #define HAVE_STRCSPN 1
| #define HAVE_STRDUP 1
| #define HAVE_STRERROR 1
| #define HAVE_STRSTR 1
| #define HAVE_STRTOD 1
| #define HAVE_STRTOL 1
| #define HAVE_STRTOUL 1
| #define HAVE_DIRENT_H 1
| #define STDC_HEADERS 1
| #define HAVE_SYS_WAIT_H 1
| #define HAVE_FCNTL_H 1
| #define HAVE_LIMITS_H 1
| #define HAVE_MALLOC_H 1
| #define HAVE_STRINGS_H 1
| #define HAVE_SYS_FILE_H 1
| #define HAVE_SYS_IOCTL_H 1
| #define HAVE_SYS_TIME_H 1
| #define HAVE_SYSLOG_H 1
| #define HAVE_UNISTD_H 1
| /* end confdefs.h.  */
| #include <stdio.h>
| #ifdef HAVE_SYS_TYPES_H
| # include <sys/types.h>
| #endif
| #ifdef HAVE_SYS_STAT_H
| # include <sys/stat.h>
| #endif
| #ifdef STDC_HEADERS
| # include <stdlib.h>
| # include <stddef.h>
| #else
| # ifdef HAVE_STDLIB_H
| #  include <stdlib.h>
| # endif
| #endif
| #ifdef HAVE_STRING_H
| # if !defined STDC_HEADERS && defined HAVE_MEMORY_H
| #  include <memory.h>
| # endif
| # include <string.h>
| #endif
| #ifdef HAVE_STRINGS_H
| # include <strings.h>
| #endif
| #ifdef HAVE_INTTYPES_H
| # include <inttypes.h>
| #endif
| #ifdef HAVE_STDINT_H
| # include <stdint.h>
| #endif
| #ifdef HAVE_UNISTD_H
| # include <unistd.h>
| #endif
| #include <fp_class.h>
configure:17365: result: no
configure:17365: checking fp_class.h presence
configure:17365: gcc -E  conftest.c
conftest.c:64:10: fatal error: fp_class.h: No such file or directory
 #include <fp_class.h>
          ^~~~~~~~~~~~
compilation terminated.
configure:17365: $? = 1
configure: failed program was:
| /* confdefs.h */
| #define PACKAGE_NAME ""
| #define PACKAGE_TARNAME ""
| #define PACKAGE_VERSION ""
| #define PACKAGE_STRING ""
| #define PACKAGE_BUGREPORT ""
| #define PACKAGE_URL ""
| #define PACKAGE "aplus-fsf"
| #define VERSION "4.22"
| #define STDC_HEADERS 1
| #define HAVE_SYS_TYPES_H 1
| #define HAVE_SYS_STAT_H 1
| #define HAVE_STDLIB_H 1
| #define HAVE_STRING_H 1
| #define HAVE_MEMORY_H 1
| #define HAVE_STRINGS_H 1
| #define HAVE_INTTYPES_H 1
| #define HAVE_STDINT_H 1
| #define HAVE_UNISTD_H 1
| #define HAVE_DLFCN_H 1
| #define LT_OBJDIR ".libs/"
| #define HAVE_STDLIB_H 1
| #define HAVE_UNISTD_H 1
| #define HAVE_SYS_PARAM_H 1
| #define HAVE_GETPAGESIZE 1
| #define HAVE_MMAP 1
| #define RETSIGTYPE void
| #define HAVE_STRFTIME 1
| #define HAVE_FORK 1
| #define HAVE_VFORK 1
| #define HAVE_WORKING_VFORK 1
| #define HAVE_WORKING_FORK 1
| #define HAVE_VPRINTF 1
| #define HAVE_GETCWD 1
| #define HAVE_GETHOSTNAME 1
| #define HAVE_GETTIMEOFDAY 1
| #define HAVE_GETWD 1
| #define HAVE_MKTIME 1
| #define HAVE_PUTENV 1
| #define HAVE_REGCOMP 1
| #define HAVE_SELECT 1
| #define HAVE_SIGACTION 1
| #define HAVE_SOCKET 1
| #define HAVE_STRCSPN 1
| #define HAVE_STRDUP 1
| #define HAVE_STRERROR 1
| #define HAVE_STRSTR 1
| #define HAVE_STRTOD 1
| #define HAVE_STRTOL 1
| #define HAVE_STRTOUL 1
| #define HAVE_DIRENT_H 1
| #define STDC_HEADERS 1
| #define HAVE_SYS_WAIT_H 1
| #define HAVE_FCNTL_H 1
| #define HAVE_LIMITS_H 1
| #define HAVE_MALLOC_H 1
| #define HAVE_STRINGS_H 1
| #define HAVE_SYS_FILE_H 1
| #define HAVE_SYS_IOCTL_H 1
| #define HAVE_SYS_TIME_H 1
| #define HAVE_SYSLOG_H 1
| #define HAVE_UNISTD_H 1
| /* end confdefs.h.  */
| #include <fp_class.h>
configure:17365: result: no
configure:17365: checking for fp_class.h
configure:17365: result: no
configure:17365: checking ieeefp.h usability
configure:17365: gcc -c -O2  conftest.c >&5
conftest.c:97:10: fatal error: ieeefp.h: No such file or directory
 #include <ieeefp.h>
          ^~~~~~~~~~
compilation terminated.
configure:17365: $? = 1
configure: failed program was:
| /* confdefs.h */
| #define PACKAGE_NAME ""
| #define PACKAGE_TARNAME ""
| #define PACKAGE_VERSION ""
| #define PACKAGE_STRING ""
| #define PACKAGE_BUGREPORT ""
| #define PACKAGE_URL ""
| #define PACKAGE "aplus-fsf"
| #define VERSION "4.22"
| #define STDC_HEADERS 1
| #define HAVE_SYS_TYPES_H 1
| #define HAVE_SYS_STAT_H 1
| #define HAVE_STDLIB_H 1
| #define HAVE_STRING_H 1
| #define HAVE_MEMORY_H 1
| #define HAVE_STRINGS_H 1
| #define HAVE_INTTYPES_H 1
| #define HAVE_STDINT_H 1
| #define HAVE_UNISTD_H 1
| #define HAVE_DLFCN_H 1
| #define LT_OBJDIR ".libs/"
| #define HAVE_STDLIB_H 1
| #define HAVE_UNISTD_H 1
| #define HAVE_SYS_PARAM_H 1
| #define HAVE_GETPAGESIZE 1
| #define HAVE_MMAP 1
| #define RETSIGTYPE void
| #define HAVE_STRFTIME 1
| #define HAVE_FORK 1
| #define HAVE_VFORK 1
| #define HAVE_WORKING_VFORK 1
| #define HAVE_WORKING_FORK 1
| #define HAVE_VPRINTF 1
| #define HAVE_GETCWD 1
| #define HAVE_GETHOSTNAME 1
| #define HAVE_GETTIMEOFDAY 1
| #define HAVE_GETWD 1
| #define HAVE_MKTIME 1
| #define HAVE_PUTENV 1
| #define HAVE_REGCOMP 1
| #define HAVE_SELECT 1
| #define HAVE_SIGACTION 1
| #define HAVE_SOCKET 1
| #define HAVE_STRCSPN 1
| #define HAVE_STRDUP 1
| #define HAVE_STRERROR 1
| #define HAVE_STRSTR 1
| #define HAVE_STRTOD 1
| #define HAVE_STRTOL 1
| #define HAVE_STRTOUL 1
| #define HAVE_DIRENT_H 1
| #define STDC_HEADERS 1
| #define HAVE_SYS_WAIT_H 1
| #define HAVE_FCNTL_H 1
| #define HAVE_LIMITS_H 1
| #define HAVE_MALLOC_H 1
| #define HAVE_STRINGS_H 1
| #define HAVE_SYS_FILE_H 1
| #define HAVE_SYS_IOCTL_H 1
| #define HAVE_SYS_TIME_H 1
| #define HAVE_SYSLOG_H 1
| #define HAVE_UNISTD_H 1
| /* end confdefs.h.  */
| #include <stdio.h>
| #ifdef HAVE_SYS_TYPES_H
| # include <sys/types.h>
| #endif
| #ifdef HAVE_SYS_STAT_H
| # include <sys/stat.h>
| #endif
| #ifdef STDC_HEADERS
| # include <stdlib.h>
| # include <stddef.h>
| #else
| # ifdef HAVE_STDLIB_H
| #  include <stdlib.h>
| # endif
| #endif
| #ifdef HAVE_STRING_H
| # if !defined STDC_HEADERS && defined HAVE_MEMORY_H
| #  include <memory.h>
| # endif
| # include <string.h>
| #endif
| #ifdef HAVE_STRINGS_H
| # include <strings.h>
| #endif
| #ifdef HAVE_INTTYPES_H
| # include <inttypes.h>
| #endif
| #ifdef HAVE_STDINT_H
| # include <stdint.h>
| #endif
| #ifdef HAVE_UNISTD_H
| # include <unistd.h>
| #endif
| #include <ieeefp.h>
configure:17365: result: no
configure:17365: checking ieeefp.h presence
configure:17365: gcc -E  conftest.c
conftest.c:64:10: fatal error: ieeefp.h: No such file or directory
 #include <ieeefp.h>
          ^~~~~~~~~~
compilation terminated.
configure:17365: $? = 1
configure: failed program was:
| /* confdefs.h */
| #define PACKAGE_NAME ""
| #define PACKAGE_TARNAME ""
| #define PACKAGE_VERSION ""
| #define PACKAGE_STRING ""
| #define PACKAGE_BUGREPORT ""
| #define PACKAGE_URL ""
| #define PACKAGE "aplus-fsf"
| #define VERSION "4.22"
| #define STDC_HEADERS 1
| #define HAVE_SYS_TYPES_H 1
| #define HAVE_SYS_STAT_H 1
| #define HAVE_STDLIB_H 1
| #define HAVE_STRING_H 1
| #define HAVE_MEMORY_H 1
| #define HAVE_STRINGS_H 1
| #define HAVE_INTTYPES_H 1
| #define HAVE_STDINT_H 1
| #define HAVE_UNISTD_H 1
| #define HAVE_DLFCN_H 1
| #define LT_OBJDIR ".libs/"
| #define HAVE_STDLIB_H 1
| #define HAVE_UNISTD_H 1
| #define HAVE_SYS_PARAM_H 1
| #define HAVE_GETPAGESIZE 1
| #define HAVE_MMAP 1
| #define RETSIGTYPE void
| #define HAVE_STRFTIME 1
| #define HAVE_FORK 1
| #define HAVE_VFORK 1
| #define HAVE_WORKING_VFORK 1
| #define HAVE_WORKING_FORK 1
| #define HAVE_VPRINTF 1
| #define HAVE_GETCWD 1
| #define HAVE_GETHOSTNAME 1
| #define HAVE_GETTIMEOFDAY 1
| #define HAVE_GETWD 1
| #define HAVE_MKTIME 1
| #define HAVE_PUTENV 1
| #define HAVE_REGCOMP 1
| #define HAVE_SELECT 1
| #define HAVE_SIGACTION 1
| #define HAVE_SOCKET 1
| #define HAVE_STRCSPN 1
| #define HAVE_STRDUP 1
| #define HAVE_STRERROR 1
| #define HAVE_STRSTR 1
| #define HAVE_STRTOD 1
| #define HAVE_STRTOL 1
| #define HAVE_STRTOUL 1
| #define HAVE_DIRENT_H 1
| #define STDC_HEADERS 1
| #define HAVE_SYS_WAIT_H 1
| #define HAVE_FCNTL_H 1
| #define HAVE_LIMITS_H 1
| #define HAVE_MALLOC_H 1
| #define HAVE_STRINGS_H 1
| #define HAVE_SYS_FILE_H 1
| #define HAVE_SYS_IOCTL_H 1
| #define HAVE_SYS_TIME_H 1
| #define HAVE_SYSLOG_H 1
| #define HAVE_UNISTD_H 1
| /* end confdefs.h.  */
| #include <ieeefp.h>
configure:17365: result: no
configure:17365: checking for ieeefp.h
configure:17365: result: no
configure:17365: checking math.h usability
configure:17365: gcc -c -O2  conftest.c >&5
configure:17365: $? = 0
configure:17365: result: yes
configure:17365: checking math.h presence
configure:17365: gcc -E  conftest.c
configure:17365: $? = 0
configure:17365: result: yes
configure:17365: checking for math.h
configure:17365: result: yes
configure:17365: checking float.h usability
configure:17365: gcc -c -O2  conftest.c >&5
configure:17365: $? = 0
configure:17365: result: yes
configure:17365: checking float.h presence
configure:17365: gcc -E  conftest.c
configure:17365: $? = 0
configure:17365: result: yes
configure:17365: checking for float.h
configure:17365: result: yes
configure:17386: checking new usability
configure:17386: g++ -c -O2 -fpermissive  conftest.cpp >&5
configure:17386: $? = 0
configure:17386: result: yes
configure:17386: checking new presence
configure:17386: g++ -E  conftest.cpp
configure:17386: $? = 0
configure:17386: result: yes
configure:17386: checking for new
configure:17386: result: yes
configure:17386: checking iostream usability
configure:17386: g++ -c -O2 -fpermissive  conftest.cpp >&5
configure:17386: $? = 0
configure:17386: result: yes
configure:17386: checking iostream presence
configure:17386: g++ -E  conftest.cpp
configure:17386: $? = 0
configure:17386: result: yes
configure:17386: checking for iostream
configure:17386: result: yes
configure:17386: checking iomanip usability
configure:17386: g++ -c -O2 -fpermissive  conftest.cpp >&5
configure:17386: $? = 0
configure:17386: result: yes
configure:17386: checking iomanip presence
configure:17386: g++ -E  conftest.cpp
configure:17386: $? = 0
configure:17386: result: yes
configure:17386: checking for iomanip
configure:17386: result: yes
configure:17386: checking fstream usability
configure:17386: g++ -c -O2 -fpermissive  conftest.cpp >&5
configure:17386: $? = 0
configure:17386: result: yes
configure:17386: checking fstream presence
configure:17386: g++ -E  conftest.cpp
configure:17386: $? = 0
configure:17386: result: yes
configure:17386: checking for fstream
configure:17386: result: yes
configure:17386: checking sstream usability
configure:17386: g++ -c -O2 -fpermissive  conftest.cpp >&5
configure:17386: $? = 0
configure:17386: result: yes
configure:17386: checking sstream presence
configure:17386: g++ -E  conftest.cpp
configure:17386: $? = 0
configure:17386: result: yes
configure:17386: checking for sstream
configure:17386: result: yes
configure:17386: checking iosfwd usability
configure:17386: g++ -c -O2 -fpermissive  conftest.cpp >&5
configure:17386: $? = 0
configure:17386: result: yes
configure:17386: checking iosfwd presence
configure:17386: g++ -E  conftest.cpp
configure:17386: $? = 0
configure:17386: result: yes
configure:17386: checking for iosfwd
configure:17386: result: yes
configure:17409: checking for fpclassify
configure:17409: gcc -o conftest -O2   conftest.c -lpthread -lnsl -ldl  -lm >&5
/tmp/ccBE2xOy.o: In function `main':
conftest.c:(.text.startup+0x7): undefined reference to `fpclassify'
collect2: error: ld returned 1 exit status
configure:17409: $? = 1
configure: failed program was:
| /* confdefs.h */
| #define PACKAGE_NAME ""
| #define PACKAGE_TARNAME ""
| #define PACKAGE_VERSION ""
| #define PACKAGE_STRING ""
| #define PACKAGE_BUGREPORT ""
| #define PACKAGE_URL ""
| #define PACKAGE "aplus-fsf"
| #define VERSION "4.22"
| #define STDC_HEADERS 1
| #define HAVE_SYS_TYPES_H 1
| #define HAVE_SYS_STAT_H 1
| #define HAVE_STDLIB_H 1
| #define HAVE_STRING_H 1
| #define HAVE_MEMORY_H 1
| #define HAVE_STRINGS_H 1
| #define HAVE_INTTYPES_H 1
| #define HAVE_STDINT_H 1
| #define HAVE_UNISTD_H 1
| #define HAVE_DLFCN_H 1
| #define LT_OBJDIR ".libs/"
| #define HAVE_STDLIB_H 1
| #define HAVE_UNISTD_H 1
| #define HAVE_SYS_PARAM_H 1
| #define HAVE_GETPAGESIZE 1
| #define HAVE_MMAP 1
| #define RETSIGTYPE void
| #define HAVE_STRFTIME 1
| #define HAVE_FORK 1
| #define HAVE_VFORK 1
| #define HAVE_WORKING_VFORK 1
| #define HAVE_WORKING_FORK 1
| #define HAVE_VPRINTF 1
| #define HAVE_GETCWD 1
| #define HAVE_GETHOSTNAME 1
| #define HAVE_GETTIMEOFDAY 1
| #define HAVE_GETWD 1
| #define HAVE_MKTIME 1
| #define HAVE_PUTENV 1
| #define HAVE_REGCOMP 1
| #define HAVE_SELECT 1
| #define HAVE_SIGACTION 1
| #define HAVE_SOCKET 1
| #define HAVE_STRCSPN 1
| #define HAVE_STRDUP 1
| #define HAVE_STRERROR 1
| #define HAVE_STRSTR 1
| #define HAVE_STRTOD 1
| #define HAVE_STRTOL 1
| #define HAVE_STRTOUL 1
| #define HAVE_DIRENT_H 1
| #define STDC_HEADERS 1
| #define HAVE_SYS_WAIT_H 1
| #define HAVE_FCNTL_H 1
| #define HAVE_LIMITS_H 1
| #define HAVE_MALLOC_H 1
| #define HAVE_STRINGS_H 1
| #define HAVE_SYS_FILE_H 1
| #define HAVE_SYS_IOCTL_H 1
| #define HAVE_SYS_TIME_H 1
| #define HAVE_SYSLOG_H 1
| #define HAVE_UNISTD_H 1
| #define HAVE_MATH_H 1
| #define HAVE_FLOAT_H 1
| #define HAVE_NEW 1
| #define HAVE_IOSTREAM 1
| #define HAVE_IOMANIP 1
| #define HAVE_FSTREAM 1
| #define HAVE_SSTREAM 1
| #define HAVE_IOSFWD 1
| /* end confdefs.h.  */
| /* Define fpclassify to an innocuous variant, in case <limits.h> declares fpclassify.
|    For example, HP-UX 11i <limits.h> declares gettimeofday.  */
| #define fpclassify innocuous_fpclassify
| 
| /* System header to define __stub macros and hopefully few prototypes,
|     which can conflict with char fpclassify (); below.
|     Prefer <limits.h> to <assert.h> if __STDC__ is defined, since
|     <limits.h> exists even on freestanding compilers.  */
| 
| #ifdef __STDC__
| # include <limits.h>
| #else
| # include <assert.h>
| #endif
| 
| #undef fpclassify
| 
| /* Override any GCC internal prototype to avoid an error.
|    Use char because int might match the return type of a GCC
|    builtin and then its argument prototype would still apply.  */
| #ifdef __cplusplus
| extern "C"
| #endif
| char fpclassify ();
| /* The GNU C library defines this for functions which it implements
|     to always fail with ENOSYS.  Some functions are actually named
|     something starting with __ and the normal name is an alias.  */
| #if defined __stub_fpclassify || defined __stub___fpclassify
| choke me
| #endif
| 
| int
| main ()
| {
| return fpclassify ();
|   ;
|   return 0;
| }
configure:17409: result: no
configure:17416: checking for fpclassify with <math.h>
configure:17429: gcc -o conftest -O2   conftest.c -lpthread -lnsl -ldl  -lm >&5
configure:17429: $? = 0
configure:17430: result: yes
configure:17445: checking for finite
configure:17445: gcc -o conftest -O2   conftest.c -lpthread -lnsl -ldl  -lm >&5
conftest.c:96:6: warning: conflicting types for built-in function 'finite' [-Wbuiltin-declaration-mismatch]
 char finite ();
      ^~~~~~
configure:17445: $? = 0
configure:17445: result: yes
configure:17493: checking for isinf
configure:17493: gcc -o conftest -O2   conftest.c -lpthread -lnsl -ldl  -lm >&5
conftest.c:97:6: warning: conflicting types for built-in function 'isinf' [-Wbuiltin-declaration-mismatch]
 char isinf ();
      ^~~~~
configure:17493: $? = 0
configure:17493: result: yes
configure:17533: checking if IEEE math works out of the box
configure:17615: gcc -o conftest -O2   conftest.c -lpthread -lnsl -ldl  -lm >&5
configure:17615: $? = 0
configure:17615: ./conftest
configure:17615: $? = 0
configure:17627: result: yes
configure:18473: checking for an ANSI C-conforming const
configure:18539: gcc -c -O2  conftest.c >&5
configure:18539: $? = 0
configure:18546: result: yes
configure:18554: checking for inline
configure:18570: gcc -c -O2  conftest.c >&5
configure:18570: $? = 0
configure:18578: result: inline
configure:18596: checking for mode_t
configure:18596: gcc -c -O2  conftest.c >&5
configure:18596: $? = 0
configure:18596: gcc -c -O2  conftest.c >&5
conftest.c: In function 'main':
conftest.c:111:21: error: expected expression before ')' token
 if (sizeof ((mode_t)))
                     ^
configure:18596: $? = 1
configure: failed program was:
| /* confdefs.h */
| #define PACKAGE_NAME ""
| #define PACKAGE_TARNAME ""
| #define PACKAGE_VERSION ""
| #define PACKAGE_STRING ""
| #define PACKAGE_BUGREPORT ""
| #define PACKAGE_URL ""
| #define PACKAGE "aplus-fsf"
| #define VERSION "4.22"
| #define STDC_HEADERS 1
| #define HAVE_SYS_TYPES_H 1
| #define HAVE_SYS_STAT_H 1
| #define HAVE_STDLIB_H 1
| #define HAVE_STRING_H 1
| #define HAVE_MEMORY_H 1
| #define HAVE_STRINGS_H 1
| #define HAVE_INTTYPES_H 1
| #define HAVE_STDINT_H 1
| #define HAVE_UNISTD_H 1
| #define HAVE_DLFCN_H 1
| #define LT_OBJDIR ".libs/"
| #define HAVE_STDLIB_H 1
| #define HAVE_UNISTD_H 1
| #define HAVE_SYS_PARAM_H 1
| #define HAVE_GETPAGESIZE 1
| #define HAVE_MMAP 1
| #define RETSIGTYPE void
| #define HAVE_STRFTIME 1
| #define HAVE_FORK 1
| #define HAVE_VFORK 1
| #define HAVE_WORKING_VFORK 1
| #define HAVE_WORKING_FORK 1
| #define HAVE_VPRINTF 1
| #define HAVE_GETCWD 1
| #define HAVE_GETHOSTNAME 1
| #define HAVE_GETTIMEOFDAY 1
| #define HAVE_GETWD 1
| #define HAVE_MKTIME 1
| #define HAVE_PUTENV 1
| #define HAVE_REGCOMP 1
| #define HAVE_SELECT 1
| #define HAVE_SIGACTION 1
| #define HAVE_SOCKET 1
| #define HAVE_STRCSPN 1
| #define HAVE_STRDUP 1
| #define HAVE_STRERROR 1
| #define HAVE_STRSTR 1
| #define HAVE_STRTOD 1
| #define HAVE_STRTOL 1
| #define HAVE_STRTOUL 1
| #define HAVE_DIRENT_H 1
| #define STDC_HEADERS 1
| #define HAVE_SYS_WAIT_H 1
| #define HAVE_FCNTL_H 1
| #define HAVE_LIMITS_H 1
| #define HAVE_MALLOC_H 1
| #define HAVE_STRINGS_H 1
| #define HAVE_SYS_FILE_H 1
| #define HAVE_SYS_IOCTL_H 1
| #define HAVE_SYS_TIME_H 1
| #define HAVE_SYSLOG_H 1
| #define HAVE_UNISTD_H 1
| #define HAVE_MATH_H 1
| #define HAVE_FLOAT_H 1
| #define HAVE_NEW 1
| #define HAVE_IOSTREAM 1
| #define HAVE_IOMANIP 1
| #define HAVE_FSTREAM 1
| #define HAVE_SSTREAM 1
| #define HAVE_IOSFWD 1
| #define HAVE_FPCLASSIFY 1
| #define HAVE_FINITE 1
| #define HAVE_ISINF 1
| /* end confdefs.h.  */
| #include <stdio.h>
| #ifdef HAVE_SYS_TYPES_H
| # include <sys/types.h>
| #endif
| #ifdef HAVE_SYS_STAT_H
| # include <sys/stat.h>
| #endif
| #ifdef STDC_HEADERS
| # include <stdlib.h>
| # include <stddef.h>
| #else
| # ifdef HAVE_STDLIB_H
| #  include <stdlib.h>
| # endif
| #endif
| #ifdef HAVE_STRING_H
| # if !defined STDC_HEADERS && defined HAVE_MEMORY_H
| #  include <memory.h>
| # endif
| # include <string.h>
| #endif
| #ifdef HAVE_STRINGS_H
| # include <strings.h>
| #endif
| #ifdef HAVE_INTTYPES_H
| # include <inttypes.h>
| #endif
| #ifdef HAVE_STDINT_H
| # include <stdint.h>
| #endif
| #ifdef HAVE_UNISTD_H
| # include <unistd.h>
| #endif
| int
| main ()
| {
| if (sizeof ((mode_t)))
| 	    return 0;
|   ;
|   return 0;
| }
configure:18596: result: yes
configure:18607: checking for off_t
configure:18607: gcc -c -O2  conftest.c >&5
configure:18607: $? = 0
configure:18607: gcc -c -O2  conftest.c >&5
conftest.c: In function 'main':
conftest.c:111:20: error: expected expression before ')' token
 if (sizeof ((off_t)))
                    ^
configure:18607: $? = 1
configure: failed program was:
| /* confdefs.h */
| #define PACKAGE_NAME ""
| #define PACKAGE_TARNAME ""
| #define PACKAGE_VERSION ""
| #define PACKAGE_STRING ""
| #define PACKAGE_BUGREPORT ""
| #define PACKAGE_URL ""
| #define PACKAGE "aplus-fsf"
| #define VERSION "4.22"
| #define STDC_HEADERS 1
| #define HAVE_SYS_TYPES_H 1
| #define HAVE_SYS_STAT_H 1
| #define HAVE_STDLIB_H 1
| #define HAVE_STRING_H 1
| #define HAVE_MEMORY_H 1
| #define HAVE_STRINGS_H 1
| #define HAVE_INTTYPES_H 1
| #define HAVE_STDINT_H 1
| #define HAVE_UNISTD_H 1
| #define HAVE_DLFCN_H 1
| #define LT_OBJDIR ".libs/"
| #define HAVE_STDLIB_H 1
| #define HAVE_UNISTD_H 1
| #define HAVE_SYS_PARAM_H 1
| #define HAVE_GETPAGESIZE 1
| #define HAVE_MMAP 1
| #define RETSIGTYPE void
| #define HAVE_STRFTIME 1
| #define HAVE_FORK 1
| #define HAVE_VFORK 1
| #define HAVE_WORKING_VFORK 1
| #define HAVE_WORKING_FORK 1
| #define HAVE_VPRINTF 1
| #define HAVE_GETCWD 1
| #define HAVE_GETHOSTNAME 1
| #define HAVE_GETTIMEOFDAY 1
| #define HAVE_GETWD 1
| #define HAVE_MKTIME 1
| #define HAVE_PUTENV 1
| #define HAVE_REGCOMP 1
| #define HAVE_SELECT 1
| #define HAVE_SIGACTION 1
| #define HAVE_SOCKET 1
| #define HAVE_STRCSPN 1
| #define HAVE_STRDUP 1
| #define HAVE_STRERROR 1
| #define HAVE_STRSTR 1
| #define HAVE_STRTOD 1
| #define HAVE_STRTOL 1
| #define HAVE_STRTOUL 1
| #define HAVE_DIRENT_H 1
| #define STDC_HEADERS 1
| #define HAVE_SYS_WAIT_H 1
| #define HAVE_FCNTL_H 1
| #define HAVE_LIMITS_H 1
| #define HAVE_MALLOC_H 1
| #define HAVE_STRINGS_H 1
| #define HAVE_SYS_FILE_H 1
| #define HAVE_SYS_IOCTL_H 1
| #define HAVE_SYS_TIME_H 1
| #define HAVE_SYSLOG_H 1
| #define HAVE_UNISTD_H 1
| #define HAVE_MATH_H 1
| #define HAVE_FLOAT_H 1
| #define HAVE_NEW 1
| #define HAVE_IOSTREAM 1
| #define HAVE_IOMANIP 1
| #define HAVE_FSTREAM 1
| #define HAVE_SSTREAM 1
| #define HAVE_IOSFWD 1
| #define HAVE_FPCLASSIFY 1
| #define HAVE_FINITE 1
| #define HAVE_ISINF 1
| /* end confdefs.h.  */
| #include <stdio.h>
| #ifdef HAVE_SYS_TYPES_H
| # include <sys/types.h>
| #endif
| #ifdef HAVE_SYS_STAT_H
| # include <sys/stat.h>
| #endif
| #ifdef STDC_HEADERS
| # include <stdlib.h>
| # include <stddef.h>
| #else
| # ifdef HAVE_STDLIB_H
| #  include <stdlib.h>
| # endif
| #endif
| #ifdef HAVE_STRING_H
| # if !defined STDC_HEADERS && defined HAVE_MEMORY_H
| #  include <memory.h>
| # endif
| # include <string.h>
| #endif
| #ifdef HAVE_STRINGS_H
| # include <strings.h>
| #endif
| #ifdef HAVE_INTTYPES_H
| # include <inttypes.h>
| #endif
| #ifdef HAVE_STDINT_H
| # include <stdint.h>
| #endif
| #ifdef HAVE_UNISTD_H
| # include <unistd.h>
| #endif
| int
| main ()
| {
| if (sizeof ((off_t)))
| 	    return 0;
|   ;
|   return 0;
| }
configure:18607: result: yes
configure:18618: checking for pid_t
configure:18618: result: yes
configure:18629: checking for size_t
configure:18629: gcc -c -O2  conftest.c >&5
configure:18629: $? = 0
configure:18629: gcc -c -O2  conftest.c >&5
conftest.c: In function 'main':
conftest.c:111:21: error: expected expression before ')' token
 if (sizeof ((size_t)))
                     ^
configure:18629: $? = 1
configure: failed program was:
| /* confdefs.h */
| #define PACKAGE_NAME ""
| #define PACKAGE_TARNAME ""
| #define PACKAGE_VERSION ""
| #define PACKAGE_STRING ""
| #define PACKAGE_BUGREPORT ""
| #define PACKAGE_URL ""
| #define PACKAGE "aplus-fsf"
| #define VERSION "4.22"
| #define STDC_HEADERS 1
| #define HAVE_SYS_TYPES_H 1
| #define HAVE_SYS_STAT_H 1
| #define HAVE_STDLIB_H 1
| #define HAVE_STRING_H 1
| #define HAVE_MEMORY_H 1
| #define HAVE_STRINGS_H 1
| #define HAVE_INTTYPES_H 1
| #define HAVE_STDINT_H 1
| #define HAVE_UNISTD_H 1
| #define HAVE_DLFCN_H 1
| #define LT_OBJDIR ".libs/"
| #define HAVE_STDLIB_H 1
| #define HAVE_UNISTD_H 1
| #define HAVE_SYS_PARAM_H 1
| #define HAVE_GETPAGESIZE 1
| #define HAVE_MMAP 1
| #define RETSIGTYPE void
| #define HAVE_STRFTIME 1
| #define HAVE_FORK 1
| #define HAVE_VFORK 1
| #define HAVE_WORKING_VFORK 1
| #define HAVE_WORKING_FORK 1
| #define HAVE_VPRINTF 1
| #define HAVE_GETCWD 1
| #define HAVE_GETHOSTNAME 1
| #define HAVE_GETTIMEOFDAY 1
| #define HAVE_GETWD 1
| #define HAVE_MKTIME 1
| #define HAVE_PUTENV 1
| #define HAVE_REGCOMP 1
| #define HAVE_SELECT 1
| #define HAVE_SIGACTION 1
| #define HAVE_SOCKET 1
| #define HAVE_STRCSPN 1
| #define HAVE_STRDUP 1
| #define HAVE_STRERROR 1
| #define HAVE_STRSTR 1
| #define HAVE_STRTOD 1
| #define HAVE_STRTOL 1
| #define HAVE_STRTOUL 1
| #define HAVE_DIRENT_H 1
| #define STDC_HEADERS 1
| #define HAVE_SYS_WAIT_H 1
| #define HAVE_FCNTL_H 1
| #define HAVE_LIMITS_H 1
| #define HAVE_MALLOC_H 1
| #define HAVE_STRINGS_H 1
| #define HAVE_SYS_FILE_H 1
| #define HAVE_SYS_IOCTL_H 1
| #define HAVE_SYS_TIME_H 1
| #define HAVE_SYSLOG_H 1
| #define HAVE_UNISTD_H 1
| #define HAVE_MATH_H 1
| #define HAVE_FLOAT_H 1
| #define HAVE_NEW 1
| #define HAVE_IOSTREAM 1
| #define HAVE_IOMANIP 1
| #define HAVE_FSTREAM 1
| #define HAVE_SSTREAM 1
| #define HAVE_IOSFWD 1
| #define HAVE_FPCLASSIFY 1
| #define HAVE_FINITE 1
| #define HAVE_ISINF 1
| /* end confdefs.h.  */
| #include <stdio.h>
| #ifdef HAVE_SYS_TYPES_H
| # include <sys/types.h>
| #endif
| #ifdef HAVE_SYS_STAT_H
| # include <sys/stat.h>
| #endif
| #ifdef STDC_HEADERS
| # include <stdlib.h>
| # include <stddef.h>
| #else
| # ifdef HAVE_STDLIB_H
| #  include <stdlib.h>
| # endif
| #endif
| #ifdef HAVE_STRING_H
| # if !defined STDC_HEADERS && defined HAVE_MEMORY_H
| #  include <memory.h>
| # endif
| # include <string.h>
| #endif
| #ifdef HAVE_STRINGS_H
| # include <strings.h>
| #endif
| #ifdef HAVE_INTTYPES_H
| # include <inttypes.h>
| #endif
| #ifdef HAVE_STDINT_H
| # include <stdint.h>
| #endif
| #ifdef HAVE_UNISTD_H
| # include <unistd.h>
| #endif
| int
| main ()
| {
| if (sizeof ((size_t)))
| 	    return 0;
|   ;
|   return 0;
| }
configure:18629: result: yes
configure:18640: checking for struct stat.st_blksize
configure:18640: gcc -c -O2  conftest.c >&5
configure:18640: $? = 0
configure:18640: result: yes
configure:18653: checking for struct stat.st_blocks
configure:18653: gcc -c -O2  conftest.c >&5
configure:18653: $? = 0
configure:18653: result: yes
configure:18673: checking for struct stat.st_rdev
configure:18673: gcc -c -O2  conftest.c >&5
configure:18673: $? = 0
configure:18673: result: yes
configure:18686: checking whether time.h and sys/time.h may both be included
configure:18706: gcc -c -O2  conftest.c >&5
configure:18706: $? = 0
configure:18713: result: yes
configure:18721: checking whether struct tm is in sys/time.h or time.h
configure:18741: gcc -c -O2  conftest.c >&5
configure:18741: $? = 0
configure:18748: result: time.h
configure:18756: checking for struct tm.tm_zone
configure:18756: gcc -c -O2  conftest.c >&5
configure:18756: $? = 0
configure:18756: result: yes
configure:18823: checking for uid_t in sys/types.h
configure:18842: result: yes
configure:18853: checking for socklen_t
configure:18871: gcc -c -O2  conftest.c >&5
configure:18871: $? = 0
configure:18879: result: yes
configure:18887: checking for SVR4 defines
configure:18910: gcc -c -O2  conftest.c >&5
conftest.c: In function 'main':
conftest.c:93:6: error: 'foobar' undeclared (first use in this function); did you mean 'float'?
      foobar
      ^~~~~~
      float
conftest.c:93:6: note: each undeclared identifier is reported only once for each function it appears in
configure:18910: $? = 1
configure: failed program was:
| /* confdefs.h */
| #define PACKAGE_NAME ""
| #define PACKAGE_TARNAME ""
| #define PACKAGE_VERSION ""
| #define PACKAGE_STRING ""
| #define PACKAGE_BUGREPORT ""
| #define PACKAGE_URL ""
| #define PACKAGE "aplus-fsf"
| #define VERSION "4.22"
| #define STDC_HEADERS 1
| #define HAVE_SYS_TYPES_H 1
| #define HAVE_SYS_STAT_H 1
| #define HAVE_STDLIB_H 1
| #define HAVE_STRING_H 1
| #define HAVE_MEMORY_H 1
| #define HAVE_STRINGS_H 1
| #define HAVE_INTTYPES_H 1
| #define HAVE_STDINT_H 1
| #define HAVE_UNISTD_H 1
| #define HAVE_DLFCN_H 1
| #define LT_OBJDIR ".libs/"
| #define HAVE_STDLIB_H 1
| #define HAVE_UNISTD_H 1
| #define HAVE_SYS_PARAM_H 1
| #define HAVE_GETPAGESIZE 1
| #define HAVE_MMAP 1
| #define RETSIGTYPE void
| #define HAVE_STRFTIME 1
| #define HAVE_FORK 1
| #define HAVE_VFORK 1
| #define HAVE_WORKING_VFORK 1
| #define HAVE_WORKING_FORK 1
| #define HAVE_VPRINTF 1
| #define HAVE_GETCWD 1
| #define HAVE_GETHOSTNAME 1
| #define HAVE_GETTIMEOFDAY 1
| #define HAVE_GETWD 1
| #define HAVE_MKTIME 1
| #define HAVE_PUTENV 1
| #define HAVE_REGCOMP 1
| #define HAVE_SELECT 1
| #define HAVE_SIGACTION 1
| #define HAVE_SOCKET 1
| #define HAVE_STRCSPN 1
| #define HAVE_STRDUP 1
| #define HAVE_STRERROR 1
| #define HAVE_STRSTR 1
| #define HAVE_STRTOD 1
| #define HAVE_STRTOL 1
| #define HAVE_STRTOUL 1
| #define HAVE_DIRENT_H 1
| #define STDC_HEADERS 1
| #define HAVE_SYS_WAIT_H 1
| #define HAVE_FCNTL_H 1
| #define HAVE_LIMITS_H 1
| #define HAVE_MALLOC_H 1
| #define HAVE_STRINGS_H 1
| #define HAVE_SYS_FILE_H 1
| #define HAVE_SYS_IOCTL_H 1
| #define HAVE_SYS_TIME_H 1
| #define HAVE_SYSLOG_H 1
| #define HAVE_UNISTD_H 1
| #define HAVE_MATH_H 1
| #define HAVE_FLOAT_H 1
| #define HAVE_NEW 1
| #define HAVE_IOSTREAM 1
| #define HAVE_IOMANIP 1
| #define HAVE_FSTREAM 1
| #define HAVE_SSTREAM 1
| #define HAVE_IOSFWD 1
| #define HAVE_FPCLASSIFY 1
| #define HAVE_FINITE 1
| #define HAVE_ISINF 1
| #define HAVE_STRUCT_STAT_ST_BLKSIZE 1
| #define HAVE_ST_BLKSIZE 1
| #define HAVE_STRUCT_STAT_ST_BLOCKS 1
| #define HAVE_ST_BLOCKS 1
| #define HAVE_STRUCT_STAT_ST_RDEV 1
| #define HAVE_ST_RDEV 1
| #define TIME_WITH_SYS_TIME 1
| #define HAVE_STRUCT_TM_TM_ZONE 1
| #define HAVE_TM_ZONE 1
| #define HAVE_SOCKLEN_T 1
| /* end confdefs.h.  */
| 
| int
| main ()
| {
| 
| #if defined(_SYSTYPE_SVR4) || defined(__SYSTYPE_SVR4) || defined(_SVR4) || defined(__SVR4)
|      return 1;
| #else
|      foobar
| #endif
| 
|   ;
|   return 0;
| }
configure:18918: result: no
configure:19074: checking that generated files are newer than configure
configure:19080: result: done
configure:19111: creating ./config.status

## ---------------------- ##
## Running config.status. ##
## ---------------------- ##

This file was extended by config.status, which was
generated by GNU Autoconf 2.69.  Invocation command line was

  CONFIG_FILES    = 
  CONFIG_HEADERS  = 
  CONFIG_LINKS    = 
  CONFIG_COMMANDS = 
  $ ./config.status 

on Midgard

config.status:1117: creating Makefile
config.status:1117: creating config/Makefile
config.status:1117: creating src/Makefile
config.status:1117: creating src/IPC/Makefile
config.status:1117: creating src/cxs/Makefile
config.status:1117: creating src/cxb/Makefile
config.status:1117: creating src/AplusGUI/Makefile
config.status:1117: creating src/cxsys/Makefile
config.status:1117: creating src/cxc/Makefile
config.status:1117: creating src/esf/Makefile
config.status:1117: creating src/a/Makefile
config.status:1117: creating src/app-defaults/Makefile
config.status:1117: creating src/dap/Makefile
config.status:1117: creating src/MSGUI/Makefile
config.status:1117: creating src/MSIPC/Makefile
config.status:1117: creating src/MSTypes/Makefile
config.status:1117: creating src/main/Makefile
config.status:1117: creating src/lisp.0/Makefile
config.status:1117: creating src/fonts/Makefile
config.status:1117: creating src/fonts/TrueType/Makefile
config.status:1117: creating src/fonts/X11/Makefile
config.status:1117: creating src/fonts/X11/bdf/Makefile
config.status:1117: creating src/fonts/X11/pcf/Makefile
config.status:1117: creating src/html/Makefile
config.status:1117: creating src/html/tutorials/Makefile
config.status:1117: creating src/html/tutorials/graphs/Makefile
config.status:1117: creating src/html/tutorials/s.tutorials/Makefile
config.status:1117: creating src/contrib/Makefile
config.status:1117: creating src/acore/Makefile
config.status:1117: creating src/autils/Makefile
config.status:1117: creating src/tutorials/Makefile
config.status:1117: creating src/tutorials/graphs/Makefile
config.status:1117: creating src/tutorials/s.tutorials/Makefile
config.status:1117: creating src/lisp.1/Makefile
config.status:1289: executing depfiles commands
config.status:1289: executing libtool commands

## ---------------- ##
## Cache variables. ##
## ---------------- ##

ac_cv_build=x86_64-unknown-linux-gnu
ac_cv_c_compiler_gnu=yes
ac_cv_c_const=yes
ac_cv_c_inline=inline
ac_cv_cxx_compiler_gnu=yes
ac_cv_define_svr4=no
ac_cv_env_CCC_set=
ac_cv_env_CCC_value=
ac_cv_env_CC_set=set
ac_cv_env_CC_value=gcc
ac_cv_env_CFLAGS_set=set
ac_cv_env_CFLAGS_value=-O2
ac_cv_env_CPPFLAGS_set=
ac_cv_env_CPPFLAGS_value=
ac_cv_env_CPP_set=
ac_cv_env_CPP_value=
ac_cv_env_CXXCPP_set=
ac_cv_env_CXXCPP_value=
ac_cv_env_CXXFLAGS_set=set
ac_cv_env_CXXFLAGS_value='-O2 -fpermissive'
ac_cv_env_CXX_set=set
ac_cv_env_CXX_value=g++
ac_cv_env_LDFLAGS_set=
ac_cv_env_LDFLAGS_value=
ac_cv_env_LIBS_set=
ac_cv_env_LIBS_value=
ac_cv_env_LT_SYS_LIBRARY_PATH_set=
ac_cv_env_LT_SYS_LIBRARY_PATH_value=
ac_cv_env_XMKMF_set=
ac_cv_env_XMKMF_value=
ac_cv_env_build_alias_set=
ac_cv_env_build_alias_value=
ac_cv_env_host_alias_set=
ac_cv_env_host_alias_value=
ac_cv_env_target_alias_set=
ac_cv_env_target_alias_value=
ac_cv_func__doprnt=no
ac_cv_func_finite=yes
ac_cv_func_fork=yes
ac_cv_func_fork_works=yes
ac_cv_func_fpclassify=no
ac_cv_func_getcwd=yes
ac_cv_func_gethostname=yes
ac_cv_func_getpagesize=yes
ac_cv_func_gettimeofday=yes
ac_cv_func_getwd=yes
ac_cv_func_isinf=yes
ac_cv_func_memcmp_working=yes
ac_cv_func_mktime=yes
ac_cv_func_mmap_fixed_mapped=yes
ac_cv_func_putenv=yes
ac_cv_func_regcomp=yes
ac_cv_func_select=yes
ac_cv_func_sigaction=yes
ac_cv_func_socket=yes
ac_cv_func_strcspn=yes
ac_cv_func_strdup=yes
ac_cv_func_strerror=yes
ac_cv_func_strftime=yes
ac_cv_func_strstr=yes
ac_cv_func_strtod=yes
ac_cv_func_strtol=yes
ac_cv_func_strtoul=yes
ac_cv_func_vfork=yes
ac_cv_func_vfork_works=yes
ac_cv_func_vprintf=yes
ac_cv_have_x='have_x=yes	ac_x_includes='\'''\''	ac_x_libraries='\'''\'''
ac_cv_header_dirent_dirent_h=yes
ac_cv_header_dlfcn_h=yes
ac_cv_header_fcntl_h=yes
ac_cv_header_float_h=yes
ac_cv_header_fp_class_h=no
ac_cv_header_fstream=yes
ac_cv_header_ieeefp_h=no
ac_cv_header_inttypes_h=yes
ac_cv_header_iomanip=yes
ac_cv_header_iosfwd=yes
ac_cv_header_iostream=yes
ac_cv_header_limits_h=yes
ac_cv_header_malloc_h=yes
ac_cv_header_math_h=yes
ac_cv_header_memory_h=yes
ac_cv_header_new=yes
ac_cv_header_sstream=yes
ac_cv_header_stdc=yes
ac_cv_header_stdint_h=yes
ac_cv_header_stdlib_h=yes
ac_cv_header_string_h=yes
ac_cv_header_strings_h=yes
ac_cv_header_sys_file_h=yes
ac_cv_header_sys_ioctl_h=yes
ac_cv_header_sys_param_h=yes
ac_cv_header_sys_stat_h=yes
ac_cv_header_sys_time_h=yes
ac_cv_header_sys_types_h=yes
ac_cv_header_sys_wait_h=yes
ac_cv_header_syslog_h=yes
ac_cv_header_time=yes
ac_cv_header_unistd_h=yes
ac_cv_header_vfork_h=no
ac_cv_host=x86_64-unknown-linux-gnu
ac_cv_lib_dl_main=yes
ac_cv_lib_nsl_main=yes
ac_cv_lib_pthread_main=yes
ac_cv_member_struct_stat_st_blksize=yes
ac_cv_member_struct_stat_st_blocks=yes
ac_cv_member_struct_stat_st_rdev=yes
ac_cv_member_struct_tm_tm_zone=yes
ac_cv_objext=o
ac_cv_path_EGREP='/bin/grep -E'
ac_cv_path_FGREP='/bin/grep -F'
ac_cv_path_GREP=/bin/grep
ac_cv_path_SED=/bin/sed
ac_cv_path_install='/usr/bin/install -c'
ac_cv_path_lt_DD=/bin/dd
ac_cv_path_mkdir=/bin/mkdir
ac_cv_prog_AWK=gawk
ac_cv_prog_CPP='gcc -E'
ac_cv_prog_CXXCPP='g++ -E'
ac_cv_prog_ac_ct_AR=ar
ac_cv_prog_ac_ct_CC=gcc
ac_cv_prog_ac_ct_MANIFEST_TOOL=mt
ac_cv_prog_ac_ct_OBJDUMP=objdump
ac_cv_prog_ac_ct_RANLIB=ranlib
ac_cv_prog_ac_ct_STRIP=strip
ac_cv_prog_cc_c89=
ac_cv_prog_cc_g=yes
ac_cv_prog_cxx_g=yes
ac_cv_prog_gcc_traditional=no
ac_cv_prog_make_make_set=yes
ac_cv_search_opendir='none required'
ac_cv_struct_tm=time.h
ac_cv_type_mode_t=yes
ac_cv_type_off_t=yes
ac_cv_type_pid_t=yes
ac_cv_type_signal=void
ac_cv_type_size_t=yes
ac_cv_type_socklen_t=yes
ac_cv_type_uid_t=yes
am_cv_CC_dependencies_compiler_type=gcc3
am_cv_CXX_dependencies_compiler_type=gcc3
am_cv_make_support_nested_variables=yes
am_cv_prog_cc_c_o=yes
lt_cv_ar_at_file=@
lt_cv_archive_cmds_need_lc=no
lt_cv_deplibs_check_method=pass_all
lt_cv_file_magic_cmd='$MAGIC_CMD'
lt_cv_file_magic_test_file=
lt_cv_ld_reload_flag=-r
lt_cv_nm_interface='BSD nm'
lt_cv_objdir=.libs
lt_cv_path_LD=/usr/bin/ld
lt_cv_path_LDCXX='/usr/bin/ld -m elf_x86_64'
lt_cv_path_NM='/usr/bin/nm -B'
lt_cv_path_mainfest_tool=no
lt_cv_prog_compiler_c_o=yes
lt_cv_prog_compiler_c_o_CXX=yes
lt_cv_prog_compiler_pic='-fPIC -DPIC'
lt_cv_prog_compiler_pic_CXX='-fPIC -DPIC'
lt_cv_prog_compiler_pic_works=yes
lt_cv_prog_compiler_pic_works_CXX=yes
lt_cv_prog_compiler_rtti_exceptions=no
lt_cv_prog_compiler_static_works=yes
lt_cv_prog_compiler_static_works_CXX=yes
lt_cv_prog_gnu_ld=yes
lt_cv_prog_gnu_ldcxx=yes
lt_cv_sharedlib_from_linklib_cmd='printf %s\n'
lt_cv_shlibpath_overrides_runpath=yes
lt_cv_sys_global_symbol_pipe='sed -n -e '\''s/^.*[	 ]\([ABCDGIRSTW][ABCDGIRSTW]*\)[	 ][	 ]*\([_A-Za-z][_A-Za-z0-9]*\)$/\1 \2 \2/p'\'' | sed '\''/ __gnu_lto/d'\'''
lt_cv_sys_global_symbol_to_c_name_address='sed -n -e '\''s/^: \(.*\) .*$/  {"\1", (void *) 0},/p'\'' -e '\''s/^[ABCDGIRSTW][ABCDGIRSTW]* .* \(.*\)$/  {"\1", (void *) \&\1},/p'\'''
lt_cv_sys_global_symbol_to_c_name_address_lib_prefix='sed -n -e '\''s/^: \(.*\) .*$/  {"\1", (void *) 0},/p'\'' -e '\''s/^[ABCDGIRSTW][ABCDGIRSTW]* .* \(lib.*\)$/  {"\1", (void *) \&\1},/p'\'' -e '\''s/^[ABCDGIRSTW][ABCDGIRSTW]* .* \(.*\)$/  {"lib\1", (void *) \&\1},/p'\'''
lt_cv_sys_global_symbol_to_cdecl='sed -n -e '\''s/^T .* \(.*\)$/extern int \1();/p'\'' -e '\''s/^[ABCDGIRSTW][ABCDGIRSTW]* .* \(.*\)$/extern char \1;/p'\'''
lt_cv_sys_global_symbol_to_import=
lt_cv_sys_max_cmd_len=1572864
lt_cv_to_host_file_cmd=func_convert_file_noop
lt_cv_to_tool_file_cmd=func_convert_file_noop
lt_cv_truncate_bin='/bin/dd bs=4096 count=1'
rd_cv_ieee_works=yes

## ----------------- ##
## Output variables. ##
## ----------------- ##

ACLOCAL='${SHELL} /home/setepenre/work/aplus-fsf-4.22/config/missing aclocal-1.15'
AMDEPBACKSLASH='\'
AMDEP_FALSE='#'
AMDEP_TRUE=''
AMTAR='$${TAR-tar}'
AM_BACKSLASH='\'
AM_DEFAULT_V='$(AM_DEFAULT_VERBOSITY)'
AM_DEFAULT_VERBOSITY='1'
AM_V='$(V)'
AR='ar'
AUTOCONF='${SHELL} /home/setepenre/work/aplus-fsf-4.22/config/missing autoconf'
AUTOHEADER='${SHELL} /home/setepenre/work/aplus-fsf-4.22/config/missing autoheader'
AUTOMAKE='${SHELL} /home/setepenre/work/aplus-fsf-4.22/config/missing automake-1.15'
AWK='gawk'
CC='gcc'
CCDEPMODE='depmode=gcc3'
CFLAGS='-O2'
CPP='gcc -E'
CPPFLAGS=''
CXX='g++'
CXXCPP='g++ -E'
CXXDEPMODE='depmode=gcc3'
CXXFLAGS='-O2 -fpermissive'
CYGPATH_W='echo'
DEFS='-DPACKAGE_NAME=\"\" -DPACKAGE_TARNAME=\"\" -DPACKAGE_VERSION=\"\" -DPACKAGE_STRING=\"\" -DPACKAGE_BUGREPORT=\"\" -DPACKAGE_URL=\"\" -DPACKAGE=\"aplus-fsf\" -DVERSION=\"4.22\" -DSTDC_HEADERS=1 -DHAVE_SYS_TYPES_H=1 -DHAVE_SYS_STAT_H=1 -DHAVE_STDLIB_H=1 -DHAVE_STRING_H=1 -DHAVE_MEMORY_H=1 -DHAVE_STRINGS_H=1 -DHAVE_INTTYPES_H=1 -DHAVE_STDINT_H=1 -DHAVE_UNISTD_H=1 -DHAVE_DLFCN_H=1 -DLT_OBJDIR=\".libs/\" -DHAVE_STDLIB_H=1 -DHAVE_UNISTD_H=1 -DHAVE_SYS_PARAM_H=1 -DHAVE_GETPAGESIZE=1 -DHAVE_MMAP=1 -DRETSIGTYPE=void -DHAVE_STRFTIME=1 -DHAVE_FORK=1 -DHAVE_VFORK=1 -DHAVE_WORKING_VFORK=1 -DHAVE_WORKING_FORK=1 -DHAVE_VPRINTF=1 -DHAVE_GETCWD=1 -DHAVE_GETHOSTNAME=1 -DHAVE_GETTIMEOFDAY=1 -DHAVE_GETWD=1 -DHAVE_MKTIME=1 -DHAVE_PUTENV=1 -DHAVE_REGCOMP=1 -DHAVE_SELECT=1 -DHAVE_SIGACTION=1 -DHAVE_SOCKET=1 -DHAVE_STRCSPN=1 -DHAVE_STRDUP=1 -DHAVE_STRERROR=1 -DHAVE_STRSTR=1 -DHAVE_STRTOD=1 -DHAVE_STRTOL=1 -DHAVE_STRTOUL=1 -DHAVE_DIRENT_H=1 -DSTDC_HEADERS=1 -DHAVE_SYS_WAIT_H=1 -DHAVE_FCNTL_H=1 -DHAVE_LIMITS_H=1 -DHAVE_MALLOC_H=1 -DHAVE_STRINGS_H=1 -DHAVE_SYS_FILE_H=1 -DHAVE_SYS_IOCTL_H=1 -DHAVE_SYS_TIME_H=1 -DHAVE_SYSLOG_H=1 -DHAVE_UNISTD_H=1 -DHAVE_MATH_H=1 -DHAVE_FLOAT_H=1 -DHAVE_NEW=1 -DHAVE_IOSTREAM=1 -DHAVE_IOMANIP=1 -DHAVE_FSTREAM=1 -DHAVE_SSTREAM=1 -DHAVE_IOSFWD=1 -DHAVE_FPCLASSIFY=1 -DHAVE_FINITE=1 -DHAVE_ISINF=1 -DHAVE_STRUCT_STAT_ST_BLKSIZE=1 -DHAVE_ST_BLKSIZE=1 -DHAVE_STRUCT_STAT_ST_BLOCKS=1 -DHAVE_ST_BLOCKS=1 -DHAVE_STRUCT_STAT_ST_RDEV=1 -DHAVE_ST_RDEV=1 -DTIME_WITH_SYS_TIME=1 -DHAVE_STRUCT_TM_TM_ZONE=1 -DHAVE_TM_ZONE=1 -DHAVE_SOCKLEN_T=1'
DEPDIR='.deps'
DLLTOOL='false'
DSYMUTIL=''
DUMPBIN=''
ECHO_C=''
ECHO_N='-n'
ECHO_T=''
EGREP='/bin/grep -E'
EXEEXT=''
FGREP='/bin/grep -F'
GREP='/bin/grep'
INSTALL_DATA='${INSTALL} -m 644'
INSTALL_PROGRAM='${INSTALL}'
INSTALL_SCRIPT='${INSTALL}'
INSTALL_STRIP_PROGRAM='$(install_sh) -c -s'
LD='/usr/bin/ld -m elf_x86_64'
LDFLAGS=''
LIBOBJS=''
LIBS='-lpthread -lnsl -ldl  -lm'
LIBTOOL='$(SHELL) $(top_builddir)/libtool'
LIBTOOL_DEPS='config/ltmain.sh'
LIPO=''
LN_S='ln -s'
LTLIBOBJS=''
LT_SYS_LIBRARY_PATH=''
MAINT='#'
MAINTAINER_MODE_FALSE=''
MAINTAINER_MODE_TRUE='#'
MAKEINFO='${SHELL} /home/setepenre/work/aplus-fsf-4.22/config/missing makeinfo'
MANIFEST_TOOL=':'
MKDIR_P='/bin/mkdir -p'
NM='/usr/bin/nm -B'
NMEDIT=''
OBJDUMP='objdump'
OBJEXT='o'
OTOOL64=''
OTOOL=''
PACKAGE='aplus-fsf'
PACKAGE_BUGREPORT=''
PACKAGE_NAME=''
PACKAGE_STRING=''
PACKAGE_TARNAME=''
PACKAGE_URL=''
PACKAGE_VERSION=''
PATH_SEPARATOR=':'
RANLIB='ranlib'
SED='/bin/sed'
SET_MAKE=''
SHELL='/bin/bash'
STRIP='strip'
VERSION='4.22'
XMKMF=''
X_INCLUDES='-I'
X_LIBS='-L -lX11'
ac_ct_AR='ar'
ac_ct_CC='gcc'
ac_ct_CXX=''
ac_ct_DUMPBIN=''
am__EXEEXT_FALSE=''
am__EXEEXT_TRUE='#'
am__fastdepCC_FALSE='#'
am__fastdepCC_TRUE=''
am__fastdepCXX_FALSE='#'
am__fastdepCXX_TRUE=''
am__include='include'
am__isrc=''
am__leading_dot='.'
am__nodep='_no'
am__quote=''
am__tar='$${TAR-tar} chof - "$$tardir"'
am__untar='$${TAR-tar} xf -'
bindir='${exec_prefix}/bin'
build='x86_64-unknown-linux-gnu'
build_alias=''
build_cpu='x86_64'
build_os='linux-gnu'
build_vendor='unknown'
datadir='${datarootdir}'
datarootdir='${prefix}/share'
docdir='${datarootdir}/doc/${PACKAGE}'
dvidir='${docdir}'
exec_prefix='${prefix}'
host='x86_64-unknown-linux-gnu'
host_alias=''
host_cpu='x86_64'
host_os='linux-gnu'
host_vendor='unknown'
htmldir='${docdir}'
includedir='${prefix}/include'
infodir='${datarootdir}/info'
install_sh='${SHELL} /home/setepenre/work/aplus-fsf-4.22/config/install-sh'
libdir='${exec_prefix}/lib'
libexecdir='${exec_prefix}/libexec'
localedir='${datarootdir}/locale'
localstatedir='${prefix}/var'
mandir='${datarootdir}/man'
mkdir_p='$(MKDIR_P)'
oldincludedir='/usr/include'
pdfdir='${docdir}'
prefix='/usr/local'
program_transform_name='s,x,x,'
psdir='${docdir}'
runstatedir='${localstatedir}/run'
sbindir='${exec_prefix}/sbin'
sharedstatedir='${prefix}/com'
sysconfdir='${prefix}/etc'
target_alias=''

## ----------- ##
## confdefs.h. ##
## ----------- ##

/* confdefs.h */
#define PACKAGE_NAME ""
#define PACKAGE_TARNAME ""
#define PACKAGE_VERSION ""
#define PACKAGE_STRING ""
#define PACKAGE_BUGREPORT ""
#define PACKAGE_URL ""
#define PACKAGE "aplus-fsf"
#define VERSION "4.22"
#define STDC_HEADERS 1
#define HAVE_SYS_TYPES_H 1
#define HAVE_SYS_STAT_H 1
#define HAVE_STDLIB_H 1
#define HAVE_STRING_H 1
#define HAVE_MEMORY_H 1
#define HAVE_STRINGS_H 1
#define HAVE_INTTYPES_H 1
#define HAVE_STDINT_H 1
#define HAVE_UNISTD_H 1
#define HAVE_DLFCN_H 1
#define LT_OBJDIR ".libs/"
#define HAVE_STDLIB_H 1
#define HAVE_UNISTD_H 1
#define HAVE_SYS_PARAM_H 1
#define HAVE_GETPAGESIZE 1
#define HAVE_MMAP 1
#define RETSIGTYPE void
#define HAVE_STRFTIME 1
#define HAVE_FORK 1
#define HAVE_VFORK 1
#define HAVE_WORKING_VFORK 1
#define HAVE_WORKING_FORK 1
#define HAVE_VPRINTF 1
#define HAVE_GETCWD 1
#define HAVE_GETHOSTNAME 1
#define HAVE_GETTIMEOFDAY 1
#define HAVE_GETWD 1
#define HAVE_MKTIME 1
#define HAVE_PUTENV 1
#define HAVE_REGCOMP 1
#define HAVE_SELECT 1
#define HAVE_SIGACTION 1
#define HAVE_SOCKET 1
#define HAVE_STRCSPN 1
#define HAVE_STRDUP 1
#define HAVE_STRERROR 1
#define HAVE_STRSTR 1
#define HAVE_STRTOD 1
#define HAVE_STRTOL 1
#define HAVE_STRTOUL 1
#define HAVE_DIRENT_H 1
#define STDC_HEADERS 1
#define HAVE_SYS_WAIT_H 1
#define HAVE_FCNTL_H 1
#define HAVE_LIMITS_H 1
#define HAVE_MALLOC_H 1
#define HAVE_STRINGS_H 1
#define HAVE_SYS_FILE_H 1
#define HAVE_SYS_IOCTL_H 1
#define HAVE_SYS_TIME_H 1
#define HAVE_SYSLOG_H 1
#define HAVE_UNISTD_H 1
#define HAVE_MATH_H 1
#define HAVE_FLOAT_H 1
#define HAVE_NEW 1
#define HAVE_IOSTREAM 1
#define HAVE_IOMANIP 1
#define HAVE_FSTREAM 1
#define HAVE_SSTREAM 1
#define HAVE_IOSFWD 1
#define HAVE_FPCLASSIFY 1
#define HAVE_FINITE 1
#define HAVE_ISINF 1
#define HAVE_STRUCT_STAT_ST_BLKSIZE 1
#define HAVE_ST_BLKSIZE 1
#define HAVE_STRUCT_STAT_ST_BLOCKS 1
#define HAVE_ST_BLOCKS 1
#define HAVE_STRUCT_STAT_ST_RDEV 1
#define HAVE_ST_RDEV 1
#define TIME_WITH_SYS_TIME 1
#define HAVE_STRUCT_TM_TM_ZONE 1
#define HAVE_TM_ZONE 1
#define HAVE_SOCKLEN_T 1

configure: exit 0
